#
# There is insufficient memory for the Java Runtime Environment to continue.
# Native memory allocation (malloc) failed to allocate 82313216 bytes for committing reserved memory.
# Possible reasons:
#   The system is out of physical RAM or swap space
#   In 32 bit mode, the process size limit was hit
# Possible solutions:
#   Reduce memory load on the system
#   Increase physical memory or swap space
#   Check if swap backing store is full
#   Use 64 bit Java on a 64 bit OS
#   Decrease Java heap size (-Xmx/-Xms)
#   Decrease number of Java threads
#   Decrease Java thread stack sizes (-Xss)
#   Set larger code cache with -XX:ReservedCodeCacheSize=
# This output file may be truncated or incomplete.
#
#  Out of Memory Error (os_linux.cpp:2756), pid=1768, tid=1882192704
#
# JRE version: Java(TM) SE Runtime Environment (7.0_80-b15) (build 1.7.0_80-b15)
# Java VM: Java HotSpot(TM) Server VM (24.80-b11 mixed mode linux-x86 )
# Failed to write core dump. Core dumps have been disabled. To enable core dumping, try "ulimit -c unlimited" before starting Java again
#

---------------  T H R E A D  ---------------

Current thread (0x70380400):  VMThread [stack: 0x7027f000,0x70300000] [id=1776]

Stack: [0x7027f000,0x70300000],  sp=0x702fe8e0,  free space=510k
Native frames: (J=compiled Java code, j=interpreted, Vv=VM code, C=native code)
V  [libjvm.so+0x7ea656]  VMError::report_and_die()+0x1a6
V  [libjvm.so+0x33eb82]  report_vm_out_of_memory(char const*, int, unsigned int, char const*)+0x72
V  [libjvm.so+0x687fb1]  os::Linux::commit_memory_impl(char*, unsigned int, bool)+0xe1
V  [libjvm.so+0x688478]  os::pd_commit_memory(char*, unsigned int, unsigned int, bool)+0x28
V  [libjvm.so+0x681b2c]  os::commit_memory(char*, unsigned int, unsigned int, bool)+0x2c
V  [libjvm.so+0x6ea8d8]  PSVirtualSpace::expand_by(unsigned int)+0x48
V  [libjvm.so+0x6dcd01]  PSOldGen::expand(unsigned int)+0x141
V  [libjvm.so+0x6dcdcf]  PSOldGen::resize(unsigned int)+0x8f
V  [libjvm.so+0x6e39d6]  PSParallelCompact::invoke_no_policy(bool)+0x8b6
V  [libjvm.so+0x6e8fed]  PSScavenge::invoke()+0x16d
V  [libjvm.so+0x6a851a]  ParallelScavengeHeap::failed_mem_allocate(unsigned int)+0x5a
V  [libjvm.so+0x7ebeea]  VM_ParallelGCFailedAllocation::doit()+0x7a
V  [libjvm.so+0x7f4d07]  VM_Operation::evaluate()+0x47
V  [libjvm.so+0x7f2da3]  VMThread::evaluate_operation(VM_Operation*)+0xb3
V  [libjvm.so+0x7f3140]  VMThread::loop()+0x1b0
V  [libjvm.so+0x7f35a5]  VMThread::run()+0x85
V  [libjvm.so+0x68a249]  java_start(Thread*)+0x119
C  [libpthread.so.0+0x6f70]  start_thread+0xd0

VM_Operation (0x6d1fa2e0): ParallelGCFailedAllocation, mode: safepoint, requested by thread 0x6e458800


---------------  P R O C E S S  ---------------

Java Threads: ( => current thread )
  0x6f050c00 JavaThread "http-bio-8080-exec-3" daemon [_thread_in_native, id=1862, stack(0x6d15e000,0x6d1af000)]
  0xb6609400 JavaThread "DestroyJavaVM" [_thread_blocked, id=1771, stack(0xb67da000,0xb682b000)]
  0x6e458800 JavaThread "Thread-12" [_thread_blocked, id=1860, stack(0x6d1af000,0x6d200000)]
  0x0833a400 JavaThread "http-bio-8080-exec-2" daemon [_thread_blocked, id=1859, stack(0x6d70d000,0x6d75e000)]
  0x08339400 JavaThread "http-bio-8080-exec-1" daemon [_thread_in_native, id=1858, stack(0x6d75e000,0x6d7af000)]
  0x6d271c00 JavaThread "http-bio-8080-AsyncTimeout" daemon [_thread_blocked, id=1857, stack(0x6dc5e000,0x6dcaf000)]
  0x6d271800 JavaThread "http-bio-8080-Acceptor-0" daemon [_thread_in_native, id=1856, stack(0x6dc0d000,0x6dc5e000)]
  0x6d271000 JavaThread "ContainerBackgroundProcessor[StandardEngine[Tomcat]]" daemon [_thread_blocked, id=1855, stack(0x6d7af000,0x6d800000)]
  0x6ecdd000 JavaThread "__DEFAULT__" daemon [_thread_blocked, id=1823, stack(0x6dcaf000,0x6dd00000)]
  0x6dbd4800 JavaThread "PoolCleaner[33192917:1436288424803]" daemon [_thread_blocked, id=1818, stack(0x6e50d000,0x6e55e000)]
  0x6f6ad000 JavaThread "FileSystemWatcher: files=#197 cl=groovy.lang.GroovyClassLoader@1fa7bd5" daemon [_thread_blocked, id=1813, stack(0x6ef5e000,0x6efaf000)]
  0x6e6c1000 JavaThread "localhost-startStop-1" daemon [_thread_blocked, id=1812, stack(0x6efaf000,0x6f000000)]
  0x6d270400 JavaThread "Tomcat-startStop-1" daemon [_thread_blocked, id=1811, stack(0x6f756000,0x6f7a7000)]
  0x6e473800 JavaThread "Thread-3" [_thread_in_native, id=1802, stack(0x6f7af000,0x6f800000)]
  0x6e41a000 JavaThread "Thread-2" [_thread_blocked, id=1800, stack(0x6f90b000,0x6f95c000)]
  0x6f555400 JavaThread "NonBlockingInputStreamThread" daemon [_thread_blocked, id=1792, stack(0x6f95c000,0x6f9ad000)]
  0x6f548000 JavaThread "process reaper" daemon [_thread_blocked, id=1786, stack(0x72b13000,0x72b2e000)]
  0x6fbdc800 JavaThread "Service Thread" daemon [_thread_blocked, id=1783, stack(0x6fa2e000,0x6fa7f000)]
  0x6fbe3c00 JavaThread "C2 CompilerThread1" daemon [_thread_blocked, id=1782, stack(0x6fa7f000,0x6fb00000)]
  0x6fbdf400 JavaThread "C2 CompilerThread0" daemon [_thread_blocked, id=1781, stack(0x6fc13000,0x6fc94000)]
  0x70395000 JavaThread "Signal Dispatcher" daemon [_thread_blocked, id=1780, stack(0x700af000,0x70100000)]
  0x70384800 JavaThread "Finalizer" daemon [_thread_blocked, id=1778, stack(0x7022e000,0x7027f000)]
  0x70383000 JavaThread "Reference Handler" daemon [_thread_blocked, id=1777, stack(0x72b2e000,0x72b7f000)]

Other Threads:
=>0x70380400 VMThread [stack: 0x7027f000,0x70300000] [id=1776]
  0x6fbeac00 WatcherThread [stack: 0x6f9ad000,0x6fa2e000] [id=1784]

VM state:at safepoint (normal execution)

VM Mutex/Monitor currently owned by a thread:  ([mutex/lock_event])
[0xb6602bf8] ExpandHeap_lock - owner thread: 0x70380400
[0xb6606dd0] Threads_lock - owner thread: 0x70380400
[0xb66071e0] Heap_lock - owner thread: 0x6e458800

Heap
 PSYoungGen      total 220672K, used 0K [0xa3540000, 0xb3380000, 0xb3540000)
  eden space 183552K, 0% used [0xa3540000,0xa3540000,0xae880000)
  from space 37120K, 0% used [0xb0f40000,0xb0f40000,0xb3380000)
  to   space 38400K, 0% used [0xae880000,0xae880000,0xb0e00000)
 ParOldGen       total 154368K, used 149186K [0x83540000, 0x8cc00000, 0xa3540000)
  object space 154368K, 96% used [0x83540000,0x8c6f0920,0x8cc00000)
 PSPermGen       total 72448K, used 55211K [0x73540000, 0x77c00000, 0x83540000)
  object space 72448K, 76% used [0x73540000,0x76b2aee8,0x77c00000)

Card table byte_map: [0x7333f000,0x73540000] byte_map_base: 0x72fa4600

Polling page: 0xb776f000

Code Cache  [0xb3600000, 0xb3c90000, 0xb6600000)
 total_blobs=2177 nmethods=1767 adapters=361 free_code_cache=42502Kb largest_free_block=43465472

Compilation events (10 events):
Event: 42.162 Thread 0x6fbdf400 2075             org.codehaus.groovy.grails.io.support.AntPathMatcher::doMatch (606 bytes)
Event: 42.191 Thread 0x6fbe3c00 2076             java.util.regex.Pattern$LastNode::match (45 bytes)
Event: 42.193 Thread 0x6fbe3c00 nmethod 2076 0xb3bfe448 code [0xb3bfe540, 0xb3bfe5f0]
Event: 42.195 Thread 0x6fbe3c00 2077             org.codehaus.groovy.grails.io.support.GrailsResourceUtils::cleanPath (229 bytes)
Event: 42.272 Thread 0x6fbdf400 nmethod 2075 0xb3c84b08 code [0xb3c84da0, 0xb3c86e38]
Event: 42.272 Thread 0x6fbdf400 2078   !         org.codehaus.groovy.reflection.CachedMethod::invoke (70 bytes)
Event: 42.276 Thread 0x6fbdf400 nmethod 2078 0xb3bfc4c8 code [0xb3bfc5e0, 0xb3bfc6fc]
Event: 42.278 Thread 0x6fbe3c00 nmethod 2077 0xb3c88c48 code [0xb3c88f00, 0xb3c8a814]
Event: 42.305 Thread 0x6fbdf400 2079             org.codehaus.groovy.runtime.metaclass.ReflectionMetaMethod::getName (8 bytes)
Event: 42.306 Thread 0x6fbdf400 nmethod 2079 0xb3bfc2c8 code [0xb3bfc3c0, 0xb3bfc430]

GC Heap History (10 events):
Event: 37.322 GC heap after
Heap after GC invocations=43 (full 3):
 PSYoungGen      total 212480K, used 22333K [0xa3540000, 0xb3000000, 0xb3540000)
  eden space 173312K, 0% used [0xa3540000,0xa3540000,0xade80000)
  from space 39168K, 57% used [0xb09c0000,0xb1f8f6b0,0xb3000000)
  to   space 41728K, 0% used [0xade80000,0xade80000,0xb0740000)
 ParOldGen       total 154368K, used 110166K [0x83540000, 0x8cc00000, 0xa3540000)
  object space 154368K, 71% used [0x83540000,0x8a0d5a58,0x8cc00000)
 PSPermGen       total 72448K, used 50451K [0x73540000, 0x77c00000, 0x83540000)
  object space 72448K, 69% used [0x73540000,0x76684d00,0x77c00000)
}
Event: 37.945 GC heap before
{Heap before GC invocations=44 (full 3):
 PSYoungGen      total 212480K, used 195645K [0xa3540000, 0xb3000000, 0xb3540000)
  eden space 173312K, 100% used [0xa3540000,0xade80000,0xade80000)
  from space 39168K, 57% used [0xb09c0000,0xb1f8f6b0,0xb3000000)
  to   space 41728K, 0% used [0xade80000,0xade80000,0xb0740000)
 ParOldGen       total 154368K, used 110166K [0x83540000, 0x8cc00000, 0xa3540000)
  object space 154368K, 71% used [0x83540000,0x8a0d5a58,0x8cc00000)
 PSPermGen       total 72448K, used 51136K [0x73540000, 0x77c00000, 0x83540000)
  object space 72448K, 70% used [0x73540000,0x76730090,0x77c00000)
Event: 37.976 GC heap after
Heap after GC invocations=44 (full 3):
 PSYoungGen      total 215040K, used 22762K [0xa3540000, 0xb3540000, 0xb3540000)
  eden space 173312K, 0% used [0xa3540000,0xa3540000,0xade80000)
  from space 41728K, 54% used [0xade80000,0xaf4ba9b0,0xb0740000)
  to   space 40704K, 0% used [0xb0d80000,0xb0d80000,0xb3540000)
 ParOldGen       total 154368K, used 113141K [0x83540000, 0x8cc00000, 0xa3540000)
  object space 154368K, 73% used [0x83540000,0x8a3bd4c0,0x8cc00000)
 PSPermGen       total 72448K, used 51136K [0x73540000, 0x77c00000, 0x83540000)
  object space 72448K, 70% used [0x73540000,0x76730090,0x77c00000)
}
Event: 38.761 GC heap before
{Heap before GC invocations=45 (full 3):
 PSYoungGen      total 215040K, used 196074K [0xa3540000, 0xb3540000, 0xb3540000)
  eden space 173312K, 100% used [0xa3540000,0xade80000,0xade80000)
  from space 41728K, 54% used [0xade80000,0xaf4ba9b0,0xb0740000)
  to   space 40704K, 0% used [0xb0d80000,0xb0d80000,0xb3540000)
 ParOldGen       total 154368K, used 113141K [0x83540000, 0x8cc00000, 0xa3540000)
  object space 154368K, 73% used [0x83540000,0x8a3bd4c0,0x8cc00000)
 PSPermGen       total 72448K, used 51802K [0x73540000, 0x77c00000, 0x83540000)
  object space 72448K, 71% used [0x73540000,0x767d6908,0x77c00000)
Event: 38.792 GC heap after
Heap after GC invocations=45 (full 3):
 PSYoungGen      total 217344K, used 13997K [0xa3540000, 0xb3240000, 0xb3540000)
  eden space 179712K, 0% used [0xa3540000,0xa3540000,0xae4c0000)
  from space 37632K, 37% used [0xb0d80000,0xb1b2b598,0xb3240000)
  to   space 39680K, 0% used [0xae4c0000,0xae4c0000,0xb0b80000)
 ParOldGen       total 154368K, used 127208K [0x83540000, 0x8cc00000, 0xa3540000)
  object space 154368K, 82% used [0x83540000,0x8b17a178,0x8cc00000)
 PSPermGen       total 72448K, used 51802K [0x73540000, 0x77c00000, 0x83540000)
  object space 72448K, 71% used [0x73540000,0x767d6908,0x77c00000)
}
Event: 40.609 GC heap before
{Heap before GC invocations=46 (full 3):
 PSYoungGen      total 217344K, used 193709K [0xa3540000, 0xb3240000, 0xb3540000)
  eden space 179712K, 100% used [0xa3540000,0xae4c0000,0xae4c0000)
  from space 37632K, 37% used [0xb0d80000,0xb1b2b598,0xb3240000)
  to   space 39680K, 0% used [0xae4c0000,0xae4c0000,0xb0b80000)
 ParOldGen       total 154368K, used 127208K [0x83540000, 0x8cc00000, 0xa3540000)
  object space 154368K, 82% used [0x83540000,0x8b17a178,0x8cc00000)
 PSPermGen       total 72448K, used 54074K [0x73540000, 0x77c00000, 0x83540000)
  object space 72448K, 74% used [0x73540000,0x76a0e860,0x77c00000)
Event: 40.638 GC heap after
Heap after GC invocations=46 (full 3):
 PSYoungGen      total 219392K, used 12687K [0xa3540000, 0xb3540000, 0xb3540000)
  eden space 179712K, 0% used [0xa3540000,0xa3540000,0xae4c0000)
  from space 39680K, 31% used [0xae4c0000,0xaf123dd0,0xb0b80000)
  to   space 38912K, 0% used [0xb0f40000,0xb0f40000,0xb3540000)
 ParOldGen       total 154368K, used 135422K [0x83540000, 0x8cc00000, 0xa3540000)
  object space 154368K, 87% used [0x83540000,0x8b97faf0,0x8cc00000)
 PSPermGen       total 72448K, used 54074K [0x73540000, 0x77c00000, 0x83540000)
  object space 72448K, 74% used [0x73540000,0x76a0e860,0x77c00000)
}
Event: 42.397 GC heap before
{Heap before GC invocations=47 (full 3):
 PSYoungGen      total 219392K, used 186590K [0xa3540000, 0xb3540000, 0xb3540000)
  eden space 179712K, 96% used [0xa3540000,0xadf13aa8,0xae4c0000)
  from space 39680K, 31% used [0xae4c0000,0xaf123dd0,0xb0b80000)
  to   space 38912K, 0% used [0xb0f40000,0xb0f40000,0xb3540000)
 ParOldGen       total 154368K, used 135422K [0x83540000, 0x8cc00000, 0xa3540000)
  object space 154368K, 87% used [0x83540000,0x8b97faf0,0x8cc00000)
 PSPermGen       total 72448K, used 55213K [0x73540000, 0x77c00000, 0x83540000)
  object space 72448K, 76% used [0x73540000,0x76b2b728,0x77c00000)
Event: 42.414 GC heap after
Heap after GC invocations=47 (full 3):
 PSYoungGen      total 220672K, used 9956K [0xa3540000, 0xb3380000, 0xb3540000)
  eden space 183552K, 0% used [0xa3540000,0xa3540000,0xae880000)
  from space 37120K, 26% used [0xb0f40000,0xb18f9058,0xb3380000)
  to   space 38400K, 0% used [0xae880000,0xae880000,0xb0e00000)
 ParOldGen       total 154368K, used 140560K [0x83540000, 0x8cc00000, 0xa3540000)
  object space 154368K, 91% used [0x83540000,0x8be84390,0x8cc00000)
 PSPermGen       total 72448K, used 55213K [0x73540000, 0x77c00000, 0x83540000)
  object space 72448K, 76% used [0x73540000,0x76b2b728,0x77c00000)
}
Event: 42.414 GC heap before
{Heap before GC invocations=48 (full 4):
 PSYoungGen      total 220672K, used 9956K [0xa3540000, 0xb3380000, 0xb3540000)
  eden space 183552K, 0% used [0xa3540000,0xa3540000,0xae880000)
  from space 37120K, 26% used [0xb0f40000,0xb18f9058,0xb3380000)
  to   space 38400K, 0% used [0xae880000,0xae880000,0xb0e00000)
 ParOldGen       total 154368K, used 140560K [0x83540000, 0x8cc00000, 0xa3540000)
  object space 154368K, 91% used [0x83540000,0x8be84390,0x8cc00000)
 PSPermGen       total 72448K, used 55213K [0x73540000, 0x77c00000, 0x83540000)
  object space 72448K, 76% used [0x73540000,0x76b2b728,0x77c00000)

Deoptimization events (10 events):
Event: 41.299 Thread 0x6e458800 Uncommon trap: reason=class_check action=maybe_recompile pc=0xb3baffa4 method=org.codehaus.groovy.runtime.callsite.PojoMetaMethodSite.checkCall(Ljava/lang/Object;)Z @ 8
Event: 41.305 Thread 0x08339400 Uncommon trap: reason=unstable_if action=reinterpret pc=0xb37e6dc4 method=java.util.concurrent.locks.ReentrantLock$Sync.nonfairTryAcquire(I)Z @ 10
Event: 41.305 Thread 0x08339400 Uncommon trap: reason=unstable_if action=reinterpret pc=0xb37ead24 method=java.util.concurrent.locks.AbstractQueuedSynchronizer.release(I)Z @ 14
Event: 41.308 Thread 0x6e458800 Uncommon trap: reason=class_check action=maybe_recompile pc=0xb3baffa4 method=org.codehaus.groovy.runtime.callsite.PojoMetaMethodSite.checkCall(Ljava/lang/Object;)Z @ 8
Event: 41.312 Thread 0x6e458800 Uncommon trap: reason=class_check action=maybe_recompile pc=0xb3baffa4 method=org.codehaus.groovy.runtime.callsite.PojoMetaMethodSite.checkCall(Ljava/lang/Object;)Z @ 8
Event: 41.477 Thread 0x6e458800 Uncommon trap: reason=unstable_if action=reinterpret pc=0xb387ff3c method=org.codehaus.groovy.grails.io.support.AntPathMatcher.doMatch(Ljava/lang/String;Ljava/lang/String;ZLjava/util/Map;)Z @ 59
Event: 41.485 Thread 0x6e458800 Uncommon trap: reason=bimorphic action=maybe_recompile pc=0xb3c49804 method=org.codehaus.groovy.runtime.DefaultGroovyMethods.findAll(Lgroovy/lang/Closure;Ljava/util/Collection;Ljava/util/Iterator;)Ljava/util/Collection; @ 10
Event: 41.493 Thread 0x6e458800 Uncommon trap: reason=bimorphic action=maybe_recompile pc=0xb3c49804 method=org.codehaus.groovy.runtime.DefaultGroovyMethods.findAll(Lgroovy/lang/Closure;Ljava/util/Collection;Ljava/util/Iterator;)Ljava/util/Collection; @ 10
Event: 41.496 Thread 0x6e458800 Uncommon trap: reason=bimorphic action=maybe_recompile pc=0xb3c49804 method=org.codehaus.groovy.runtime.DefaultGroovyMethods.findAll(Lgroovy/lang/Closure;Ljava/util/Collection;Ljava/util/Iterator;)Ljava/util/Collection; @ 10
Event: 41.498 Thread 0x6e458800 Uncommon trap: reason=bimorphic action=maybe_recompile pc=0xb3c49804 method=org.codehaus.groovy.runtime.DefaultGroovyMethods.findAll(Lgroovy/lang/Closure;Ljava/util/Collection;Ljava/util/Iterator;)Ljava/util/Collection; @ 10

Internal exceptions (10 events):
Event: 42.386 Thread 0x6e458800 Threw 0xad3a1e20 at /HUDSON/workspace/7u-2-build-linux-i586/jdk7u80/2329/hotspot/src/share/vm/prims/jvm.cpp:1319
Event: 42.387 Thread 0x6e458800 Threw 0xad3aabf0 at /HUDSON/workspace/7u-2-build-linux-i586/jdk7u80/2329/hotspot/src/share/vm/prims/jvm.cpp:1319
Event: 42.389 Thread 0x6e458800 Threw 0xadd52d80 at /HUDSON/workspace/7u-2-build-linux-i586/jdk7u80/2329/hotspot/src/share/vm/prims/jvm.cpp:1319
Event: 42.390 Thread 0x6e458800 Threw 0xadd59a18 at /HUDSON/workspace/7u-2-build-linux-i586/jdk7u80/2329/hotspot/src/share/vm/prims/jvm.cpp:1319
Event: 42.391 Thread 0x6e458800 Threw 0xadd5ccf8 at /HUDSON/workspace/7u-2-build-linux-i586/jdk7u80/2329/hotspot/src/share/vm/prims/jvm.cpp:1319
Event: 42.392 Thread 0x6e458800 Threw 0xadd60640 at /HUDSON/workspace/7u-2-build-linux-i586/jdk7u80/2329/hotspot/src/share/vm/prims/jvm.cpp:1319
Event: 42.394 Thread 0x6e458800 Threw 0xadd6d190 at /HUDSON/workspace/7u-2-build-linux-i586/jdk7u80/2329/hotspot/src/share/vm/prims/jvm.cpp:1319
Event: 42.395 Thread 0x6e458800 Threw 0xadd746a0 at /HUDSON/workspace/7u-2-build-linux-i586/jdk7u80/2329/hotspot/src/share/vm/prims/jvm.cpp:1319
Event: 42.396 Thread 0x6e458800 Threw 0xadd78ab8 at /HUDSON/workspace/7u-2-build-linux-i586/jdk7u80/2329/hotspot/src/share/vm/prims/jvm.cpp:1319
Event: 42.396 Thread 0x6e458800 Threw 0xadd7c6f8 at /HUDSON/workspace/7u-2-build-linux-i586/jdk7u80/2329/hotspot/src/share/vm/prims/jvm.cpp:1319

Events (10 events):
Event: 42.392 loading class 0x72c20618 done
Event: 42.394 loading class 0x72c3d070
Event: 42.394 loading class 0x72c3d070 done
Event: 42.395 loading class 0x72c22c38
Event: 42.395 loading class 0x72c22c38 done
Event: 42.396 loading class 0x72c3d0a8
Event: 42.396 loading class 0x72c3d0a8 done
Event: 42.396 loading class 0x72c3d5f8
Event: 42.396 loading class 0x72c3d5f8 done
Event: 42.397 Executing VM operation: ParallelGCFailedAllocation


Dynamic libraries:
08048000-08049000 r-xp 00000000 08:06 804311     /usr/lib/jvm/java-7-oracle/bin/java
08049000-0804a000 rw-p 00000000 08:06 804311     /usr/lib/jvm/java-7-oracle/bin/java
08334000-083e0000 rw-p 00000000 00:00 0          [heap]
6b800000-6b89c000 rw-p 00000000 00:00 0 
6b89c000-6b900000 ---p 00000000 00:00 0 
6b900000-6b9cf000 rw-p 00000000 00:00 0 
6b9cf000-6ba00000 ---p 00000000 00:00 0 
6ba00000-6baff000 rw-p 00000000 00:00 0 
6baff000-6bb00000 ---p 00000000 00:00 0 
6bb00000-6bbf8000 rw-p 00000000 00:00 0 
6bbf8000-6bc00000 ---p 00000000 00:00 0 
6bc00000-6bcfd000 rw-p 00000000 00:00 0 
6bcfd000-6bd00000 ---p 00000000 00:00 0 
6be00000-6beed000 rw-p 00000000 00:00 0 
6beed000-6bf00000 ---p 00000000 00:00 0 
6bf00000-6bffb000 rw-p 00000000 00:00 0 
6bffb000-6c000000 ---p 00000000 00:00 0 
6c000000-6c0fa000 rw-p 00000000 00:00 0 
6c0fa000-6c100000 ---p 00000000 00:00 0 
6c200000-6c2e4000 rw-p 00000000 00:00 0 
6c2e4000-6c300000 ---p 00000000 00:00 0 
6c400000-6c500000 rw-p 00000000 00:00 0 
6c600000-6c6ff000 rw-p 00000000 00:00 0 
6c6ff000-6c700000 ---p 00000000 00:00 0 
6c700000-6c7fe000 rw-p 00000000 00:00 0 
6c7fe000-6c800000 ---p 00000000 00:00 0 
6c800000-6c8e7000 rw-p 00000000 00:00 0 
6c8e7000-6c900000 ---p 00000000 00:00 0 
6c900000-6c9fb000 rw-p 00000000 00:00 0 
6c9fb000-6ca00000 ---p 00000000 00:00 0 
6cb00000-6cbf4000 rw-p 00000000 00:00 0 
6cbf4000-6cc00000 ---p 00000000 00:00 0 
6cc00000-6ccf6000 rw-p 00000000 00:00 0 
6ccf6000-6cd00000 ---p 00000000 00:00 0 
6cd00000-6ce00000 rw-p 00000000 00:00 0 
6cf00000-6cfa0000 rw-p 00000000 00:00 0 
6cfa0000-6d000000 ---p 00000000 00:00 0 
6d000000-6d0ff000 rw-p 00000000 00:00 0 
6d0ff000-6d100000 ---p 00000000 00:00 0 
6d15e000-6d161000 ---p 00000000 00:00 0 
6d161000-6d1af000 rw-p 00000000 00:00 0          [stack:1862]
6d1af000-6d1b2000 ---p 00000000 00:00 0 
6d1b2000-6d200000 rw-p 00000000 00:00 0          [stack:1860]
6d200000-6d39a000 rw-p 00000000 00:00 0 
6d39a000-6d400000 ---p 00000000 00:00 0 
6d400000-6d4f9000 rw-p 00000000 00:00 0 
6d4f9000-6d500000 ---p 00000000 00:00 0 
6d500000-6d5fa000 rw-p 00000000 00:00 0 
6d5fa000-6d600000 ---p 00000000 00:00 0 
6d600000-6d6ff000 rw-p 00000000 00:00 0 
6d6ff000-6d700000 ---p 00000000 00:00 0 
6d70d000-6d710000 ---p 00000000 00:00 0 
6d710000-6d75e000 rw-p 00000000 00:00 0          [stack:1859]
6d75e000-6d761000 ---p 00000000 00:00 0 
6d761000-6d7af000 rw-p 00000000 00:00 0          [stack:1858]
6d7af000-6d7b2000 ---p 00000000 00:00 0 
6d7b2000-6d800000 rw-p 00000000 00:00 0          [stack:1855]
6d800000-6d9f9000 rw-p 00000000 00:00 0 
6d9f9000-6da00000 ---p 00000000 00:00 0 
6da00000-6dc00000 rw-p 00000000 00:00 0 
6dc0d000-6dc10000 ---p 00000000 00:00 0 
6dc10000-6dc5e000 rw-p 00000000 00:00 0          [stack:1856]
6dc5e000-6dc61000 ---p 00000000 00:00 0 
6dc61000-6dcaf000 rw-p 00000000 00:00 0          [stack:1857]
6dcaf000-6dcb2000 ---p 00000000 00:00 0 
6dcb2000-6dd00000 rw-p 00000000 00:00 0          [stack:1823]
6dd00000-6de00000 rw-p 00000000 00:00 0 
6de00000-6e000000 rw-p 00000000 00:00 0 
6e000000-6e0ff000 rw-p 00000000 00:00 0 
6e0ff000-6e100000 ---p 00000000 00:00 0 
6e128000-6e200000 r--s 007c3000 08:06 401966     /home/akash/.m2/repository/net/sf/ehcache/ehcache/2.9.0/ehcache-2.9.0.jar
6e200000-6e2e3000 rw-p 00000000 00:00 0 
6e2e3000-6e300000 ---p 00000000 00:00 0 
6e300000-6e3ff000 rw-p 00000000 00:00 0 
6e3ff000-6e400000 ---p 00000000 00:00 0 
6e400000-6e4fb000 rw-p 00000000 00:00 0 
6e4fb000-6e500000 ---p 00000000 00:00 0 
6e50d000-6e510000 ---p 00000000 00:00 0 
6e510000-6e55e000 rw-p 00000000 00:00 0          [stack:1818]
6e55e000-6e561000 r--s 00012000 08:06 401338     /home/akash/.gvm/grails/2.4.5/lib/javax.servlet/javax.servlet-api/jars/javax.servlet-api-3.0.1.jar
6e561000-6e567000 r--s 0003f000 08:06 529113     /home/akash/.gvm/grails/2.4.5/dist/grails-project-api-2.4.5.jar
6e567000-6e578000 r--s 000d2000 08:06 657325     /home/akash/.m2/repository/org/liquibase/liquibase-core/2.0.5/liquibase-core-2.0.5.jar
6e578000-6e57e000 r--s 0004c000 08:06 274598     /home/akash/.gvm/grails/2.4.5/lib/org.grails/grails-datastore-simple/jars/grails-datastore-simple-3.1.4.RELEASE.jar
6e57e000-6e586000 r--s 00052000 08:06 657321     /home/akash/.m2/repository/org/springframework/spring-orm/4.0.9.RELEASE/spring-orm-4.0.9.RELEASE.jar
6e586000-6e5e4000 r--s 004aa000 08:06 657301     /home/akash/.m2/repository/org/hibernate/hibernate-core/4.3.8.Final/hibernate-core-4.3.8.Final.jar
6e5e4000-6e600000 r--s 00136000 08:06 528230     /home/akash/.gvm/grails/2.4.5/lib/org.codehaus.gpars/gpars/jars/gpars-1.2.1.jar
6e600000-6e6ff000 rw-p 00000000 00:00 0 
6e6ff000-6e700000 ---p 00000000 00:00 0 
6e700000-6e800000 rw-p 00000000 00:00 0 
6e800000-6e8f9000 rw-p 00000000 00:00 0 
6e8f9000-6e900000 ---p 00000000 00:00 0 
6e900000-6ea00000 rw-p 00000000 00:00 0 
6ea00000-6eaff000 rw-p 00000000 00:00 0 
6eaff000-6eb00000 ---p 00000000 00:00 0 
6eb00000-6ec00000 rw-p 00000000 00:00 0 
6ec00000-6ecff000 rw-p 00000000 00:00 0 
6ecff000-6ed00000 ---p 00000000 00:00 0 
6ed00000-6ed02000 r--s 0000a000 08:06 657323     /home/akash/.m2/repository/org/grails/grails-datastore-gorm-plugin-support/3.1.4.RELEASE/grails-datastore-gorm-plugin-support-3.1.4.RELEASE.jar
6ed02000-6ed08000 r--s 00041000 08:06 657319     /home/akash/.m2/repository/org/grails/grails-datastore-gorm-hibernate-core/3.1.4.RELEASE/grails-datastore-gorm-hibernate-core-3.1.4.RELEASE.jar
6ed08000-6ed0d000 r--s 00048000 08:06 657318     /home/akash/.m2/repository/dom4j/dom4j/1.6.1/dom4j-1.6.1.jar
6ed0d000-6ed0e000 r--s 00002000 08:06 657315     /home/akash/.m2/repository/org/jboss/logging/jboss-logging-annotations/1.2.0.Beta1/jboss-logging-annotations-1.2.0.Beta1.jar
6ed0e000-6ed11000 r--s 00010000 08:06 657313     /home/akash/.m2/repository/org/hibernate/common/hibernate-commons-annotations/4.0.4.Final/hibernate-commons-annotations-4.0.4.Final.jar
6ed11000-6ed19000 r--s 00062000 08:06 657311     /home/akash/.m2/repository/org/grails/grails-datastore-gorm-hibernate4/3.1.4.RELEASE/grails-datastore-gorm-hibernate4-3.1.4.RELEASE.jar
6ed19000-6ed23000 r--s 00080000 08:06 274586     /home/akash/.gvm/grails/2.4.5/lib/org.grails/grails-datastore-gorm/jars/grails-datastore-gorm-3.1.4.RELEASE.jar
6ed23000-6ed2e000 r--s 00054000 08:06 274589     /home/akash/.gvm/grails/2.4.5/lib/org.grails/grails-datastore-core/jars/grails-datastore-core-3.1.4.RELEASE.jar
6ed2e000-6ed30000 r--s 0000d000 08:06 657309     /home/akash/.m2/repository/org/jboss/logging/jboss-logging/3.1.0.GA/jboss-logging-3.1.0.GA.jar
6ed30000-6ed32000 r--s 00011000 08:06 657307     /home/akash/.m2/repository/org/jboss/jandex/1.1.0.Final/jandex-1.1.0.Final.jar
6ed32000-6ed37000 r--s 00068000 08:06 657305     /home/akash/.m2/repository/antlr/antlr/2.7.7/antlr-2.7.7.jar
6ed37000-6ed38000 r--s 00006000 08:06 657303     /home/akash/.m2/repository/org/jboss/spec/javax/transaction/jboss-transaction-api_1.2_spec/1.0.0.Final/jboss-transaction-api_1.2_spec-1.0.0.Final.jar
6ed38000-6ed3c000 r--s 0001e000 08:06 657299     /home/akash/.m2/repository/org/hibernate/hibernate-ehcache/4.3.8.Final/hibernate-ehcache-4.3.8.Final.jar
6ed3c000-6ed3e000 r--s 0000d000 08:06 657297     /home/akash/.m2/repository/com/fasterxml/classmate/1.0.0/classmate-1.0.0.jar
6ed3e000-6ed42000 r--s 0000c000 08:06 530482     /home/akash/.m2/repository/javax/validation/validation-api/1.1.0.Final/validation-api-1.1.0.Final.jar
6ed42000-6ed50000 r--s 0008d000 08:06 657295     /home/akash/.m2/repository/org/hibernate/hibernate-validator/5.1.3.Final/hibernate-validator-5.1.3.Final.jar
6ed50000-6ed53000 r--s 0002c000 08:06 934155     /home/akash/.m2/repository/javax/mail/javax.mail-api/1.5.1/javax.mail-api-1.5.1.jar
6ed53000-6ed55000 r--s 0000e000 08:06 934153     /home/akash/.m2/repository/javax/activation/activation/1.1/activation-1.1.jar
6ed55000-6ed5d000 r--s 0007e000 08:06 934151     /home/akash/.m2/repository/com/sun/mail/javax.mail/1.5.1/javax.mail-1.5.1.jar
6ed5d000-6ed5f000 r--s 0000d000 08:06 657293     /home/akash/.m2/repository/commons-logging/commons-logging/1.1.1/commons-logging-1.1.1.jar
6ed5f000-6ed62000 r--s 00006000 08:06 397133     /home/akash/.gvm/grails/2.4.5/lib/com.google.code.findbugs/jsr305/jars/jsr305-1.3.9.jar
6ed62000-6ed6a000 r--s 0007b000 08:06 274626     /home/akash/.gvm/grails/2.4.5/lib/com.google.protobuf/protobuf-java/jars/protobuf-java-2.5.0.jar
6ed6a000-6ed95000 r--s 001fc000 08:06 657291     /home/akash/.m2/repository/com/google/guava/guava/18.0/guava-18.0.jar
6ed95000-6ed98000 r--s 00010000 08:06 657290     /home/akash/.m2/repository/args4j/args4j/2.0.26/args4j-2.0.26.jar
6ed98000-6ed99000 r--s 0001c000 08:06 657287     /home/akash/.m2/repository/com/google/javascript/closure-compiler-externs/v20141023/closure-compiler-externs-v20141023.jar
6ed99000-6edca000 r--s 002cc000 08:06 657285     /home/akash/.m2/repository/com/google/javascript/closure-compiler/v20141023/closure-compiler-v20141023.jar
6edca000-6edcd000 r--s 0002a000 08:06 657283     /home/akash/.m2/repository/com/bertramlabs/plugins/asset-pipeline-core/2.1.1/asset-pipeline-core-2.1.1.jar
6edcd000-6edd1000 r--s 00027000 08:06 401390     /home/akash/.gvm/grails/2.4.5/lib/commons-io/commons-io/jars/commons-io-2.2.jar
6edd1000-6edde000 r--s 00109000 08:06 657281     /home/akash/.m2/repository/org/mozilla/rhino/1.7R4/rhino-1.7R4.jar
6edde000-6ede7000 r--s 000a5000 08:06 657279     /home/akash/.m2/repository/org/javassist/javassist/3.17.1-GA/javassist-3.17.1-GA.jar
6ede7000-6ede9000 r--s 00085000 08:06 528977     /home/akash/.gvm/grails/2.4.5/dist/grails-resources-2.4.5.jar
6ede9000-6edf6000 r--s 00189000 08:06 401467     /home/akash/.gvm/grails/2.4.5/lib/com.h2database/h2/jars/h2-1.3.176.jar
6edf6000-6edf8000 r--s 0000e000 08:06 529004     /home/akash/.gvm/grails/2.4.5/dist/grails-plugin-mimetypes-2.4.5.jar
6edf8000-6edfc000 r--s 00021000 08:06 529317     /home/akash/.gvm/grails/2.4.5/dist/grails-plugin-converters-2.4.5.jar
6edfc000-6edff000 r--s 00019000 08:06 528504     /home/akash/.gvm/grails/2.4.5/dist/grails-plugin-domain-class-2.4.5.jar
6edff000-6ee00000 r--s 0000e000 08:06 274637     /home/akash/.gvm/grails/2.4.5/lib/org.codehaus.jsr166-mirror/jsr166y/jars/jsr166y-1.7.0.jar
6ee00000-6eeff000 rw-p 00000000 00:00 0 
6eeff000-6ef00000 ---p 00000000 00:00 0 
6ef00000-6ef02000 r--s 00011000 08:06 528510     /home/akash/.gvm/grails/2.4.5/dist/grails-async-2.4.5.jar
6ef02000-6ef04000 r--s 0000e000 08:06 528623     /home/akash/.gvm/grails/2.4.5/dist/grails-plugin-async-2.4.5.jar
6ef04000-6ef08000 r--s 00028000 08:06 528062     /home/akash/.gvm/grails/2.4.5/lib/commons-validator/commons-validator/jars/commons-validator-1.4.0.jar
6ef08000-6ef0a000 r--s 00014000 08:06 529185     /home/akash/.gvm/grails/2.4.5/dist/grails-validation-2.4.5.jar
6ef0a000-6ef0e000 r--s 00019000 08:06 401356     /home/akash/.gvm/grails/2.4.5/lib/com.googlecode.concurrentlinkedhashmap/concurrentlinkedhashmap-lru/jars/concurrentlinkedhashmap-lru-1.4.jar
6ef0e000-6ef10000 r--s 0000e000 08:06 528546     /home/akash/.gvm/grails/2.4.5/dist/grails-plugin-url-mappings-2.4.5.jar
6ef10000-6ef11000 r--s 00006000 08:06 528878     /home/akash/.gvm/grails/2.4.5/dist/grails-plugin-servlets-2.4.5.jar
6ef11000-6ef18000 r--s 00036000 08:06 528172     /home/akash/.gvm/grails/2.4.5/lib/org.springframework/spring-tx/jars/spring-tx-4.0.9.RELEASE.jar
6ef18000-6ef1a000 r--s 00009000 08:06 528982     /home/akash/.gvm/grails/2.4.5/dist/grails-plugin-services-2.4.5.jar
6ef1a000-6ef29000 r--s 00095000 08:06 528159     /home/akash/.gvm/grails/2.4.5/lib/org.springframework/spring-web/jars/spring-web-4.0.9.RELEASE.jar
6ef29000-6ef2e000 r--s 0002e000 08:06 528661     /home/akash/.gvm/grails/2.4.5/dist/grails-encoder-2.4.5.jar
6ef2e000-6ef34000 r--s 00033000 08:06 274554     /home/akash/.gvm/grails/2.4.5/lib/commons-codec/commons-codec/jars/commons-codec-1.6.jar
6ef5e000-6ef61000 ---p 00000000 00:00 0 
6ef61000-6efaf000 rw-p 00000000 00:00 0          [stack:1813]
6efaf000-6efb2000 ---p 00000000 00:00 0 
6efb2000-6f000000 rw-p 00000000 00:00 0          [stack:1812]
6f000000-6f0fd000 rw-p 00000000 00:00 0 
6f0fd000-6f100000 ---p 00000000 00:00 0 
6f100000-6f1fa000 rw-p 00000000 00:00 0 
6f1fa000-6f200000 ---p 00000000 00:00 0 
6f200000-6f2fe000 rw-p 00000000 00:00 0 
6f2fe000-6f300000 ---p 00000000 00:00 0 
6f300000-6f3f3000 rw-p 00000000 00:00 0 
6f3f3000-6f400000 ---p 00000000 00:00 0 
6f400000-6f4fb000 rw-p 00000000 00:00 0 
6f4fb000-6f500000 ---p 00000000 00:00 0 
6f500000-6f600000 rw-p 00000000 00:00 0 
6f600000-6f6f9000 rw-p 00000000 00:00 0 
6f6f9000-6f700000 ---p 00000000 00:00 0 
6f700000-6f701000 r--s 00001000 08:06 528251     /home/akash/.gvm/grails/2.4.5/lib/org.slf4j/jul-to-slf4j/jars/jul-to-slf4j-1.7.5.jar
6f701000-6f703000 r--s 00012000 08:06 528955     /home/akash/.gvm/grails/2.4.5/dist/grails-plugin-codecs-2.4.5.jar
6f703000-6f704000 r--s 00000000 08:06 528496     /home/akash/.gvm/grails/2.4.5/dist/grails-logging-2.4.5.jar
6f704000-6f706000 r--s 0000c000 08:06 528937     /home/akash/.gvm/grails/2.4.5/dist/grails-web-gsp-taglib-2.4.5.jar
6f706000-6f70c000 r--s 00056000 08:06 528594     /home/akash/.gvm/grails/2.4.5/dist/grails-plugin-gsp-2.4.5.jar
6f70c000-6f70e000 r--s 0000b000 08:06 528558     /home/akash/.gvm/grails/2.4.5/dist/grails-plugin-filters-2.4.5.jar
6f70e000-6f713000 r--s 00041000 08:06 528275     /home/akash/.gvm/grails/2.4.5/lib/commons-lang/commons-lang/jars/commons-lang-2.6.jar
6f713000-6f714000 r--s 00005000 08:06 528803     /home/akash/.gvm/grails/2.4.5/dist/grails-plugin-i18n-2.4.5.jar
6f714000-6f721000 r--s 00098000 08:06 528155     /home/akash/.gvm/grails/2.4.5/lib/org.springframework/spring-beans/jars/spring-beans-4.0.9.RELEASE.jar
6f74b000-6f756000 r--s 0037c000 08:06 804284     /usr/lib/jvm/java-7-oracle/jre/lib/charsets.jar
6f756000-6f759000 ---p 00000000 00:00 0 
6f759000-6f7a7000 rw-p 00000000 00:00 0          [stack:1811]
6f7a7000-6f7ae000 r-xp 00000000 08:06 803791     /usr/lib/jvm/java-7-oracle/jre/lib/i386/libmanagement.so
6f7ae000-6f7af000 rw-p 00006000 08:06 803791     /usr/lib/jvm/java-7-oracle/jre/lib/i386/libmanagement.so
6f7af000-6f7b2000 ---p 00000000 00:00 0 
6f7b2000-6f800000 rw-p 00000000 00:00 0          [stack:1802]
6f800000-6f8f8000 rw-p 00000000 00:00 0 
6f8f8000-6f900000 ---p 00000000 00:00 0 
6f900000-6f905000 r--s 00017000 08:06 528224     /home/akash/.gvm/grails/2.4.5/lib/org.hibernate.javax.persistence/hibernate-jpa-2.1-api/jars/hibernate-jpa-2.1-api-1.0.0.Final.jar
6f905000-6f907000 r--s 00000000 08:06 528098     /home/akash/.gvm/grails/2.4.5/lib/aopalliance/aopalliance/jars/aopalliance-1.0.jar
6f907000-6f90b000 r--s 00040000 08:06 274582     /home/akash/.gvm/grails/2.4.5/lib/xalan/serializer/jars/serializer-2.7.2.jar
6f90b000-6f90e000 ---p 00000000 00:00 0 
6f90e000-6f95c000 rw-p 00000000 00:00 0          [stack:1800]
6f95c000-6f95f000 ---p 00000000 00:00 0 
6f95f000-6f9ad000 rw-p 00000000 00:00 0          [stack:1792]
6f9ad000-6f9ae000 ---p 00000000 00:00 0 
6f9ae000-6fa2e000 rw-p 00000000 00:00 0          [stack:1784]
6fa2e000-6fa31000 ---p 00000000 00:00 0 
6fa31000-6fa7f000 rw-p 00000000 00:00 0          [stack:1783]
6fa7f000-6fa82000 ---p 00000000 00:00 0 
6fa82000-6fb00000 rw-p 00000000 00:00 0          [stack:1782]
6fb00000-6fc00000 rw-p 00000000 00:00 0 
6fc00000-6fc13000 r--s 000dc000 08:06 528211     /home/akash/.gvm/grails/2.4.5/lib/org.springframework/spring-core/jars/spring-core-4.0.9.RELEASE.jar
6fc13000-6fc16000 ---p 00000000 00:00 0 
6fc16000-6fc94000 rw-p 00000000 00:00 0          [stack:1781]
6fc94000-6fd00000 r--s 00689000 08:06 274605     /home/akash/.gvm/grails/2.4.5/lib/org.codehaus.groovy/groovy-all/jars/groovy-all-2.3.11.jar
6fd00000-6ff00000 r--p 00000000 08:06 795111     /usr/lib/locale/locale-archive
6ff00000-6ff21000 rw-p 00000000 00:00 0 
6ff21000-70000000 ---p 00000000 00:00 0 
70000000-70002000 r--s 00009000 08:06 529060     /home/akash/.gvm/grails/2.4.5/dist/grails-spring-2.4.5.jar
70002000-7000f000 r--s 000a5000 08:06 528759     /home/akash/.gvm/grails/2.4.5/dist/grails-core-2.4.5.jar
7000f000-70028000 r--s 001ae000 08:06 527710     /home/akash/.gvm/grails/2.4.5/lib/org.aspectj/aspectjweaver/jars/aspectjweaver-1.8.4.jar
70028000-7002a000 r--s 00009000 08:06 529306     /home/akash/.gvm/grails/2.4.5/dist/grails-web-mvc-2.4.5.jar
7002a000-7002e000 r--s 00019000 08:06 527707     /home/akash/.gvm/grails/2.4.5/lib/org.aspectj/aspectjrt/jars/aspectjrt-1.8.4.jar
7002e000-70031000 r--s 0001c000 08:06 528697     /home/akash/.gvm/grails/2.4.5/dist/grails-web-databinding-2.4.5.jar
70031000-70033000 r--s 00013000 08:06 528962     /home/akash/.gvm/grails/2.4.5/dist/grails-databinding-2.4.5.jar
70033000-70040000 r--s 00096000 08:06 528191     /home/akash/.gvm/grails/2.4.5/lib/org.springframework/spring-webmvc/jars/spring-webmvc-4.0.9.RELEASE.jar
70040000-70044000 r--s 0001e000 08:06 528176     /home/akash/.gvm/grails/2.4.5/lib/org.springframework/spring-context-support/jars/spring-context-support-4.0.9.RELEASE.jar
70044000-700af000 r--s 00e21000 08:06 805129     /usr/lib/jvm/java-7-oracle/lib/tools.jar
700af000-700b2000 ---p 00000000 00:00 0 
700b2000-70100000 rw-p 00000000 00:00 0          [stack:1780]
70100000-701ff000 rw-p 00000000 00:00 0 
701ff000-70200000 ---p 00000000 00:00 0 
70200000-70201000 r--s 00005000 08:06 528695     /home/akash/.gvm/grails/2.4.5/dist/grails-plugin-databinding-2.4.5.jar
70201000-70206000 r--s 00030000 08:06 528788     /home/akash/.gvm/grails/2.4.5/dist/grails-web-common-2.4.5.jar
70206000-70209000 r--s 00024000 08:06 528995     /home/akash/.gvm/grails/2.4.5/dist/grails-web-url-mappings-2.4.5.jar
70209000-7020b000 r--s 0000b000 08:06 528194     /home/akash/.gvm/grails/2.4.5/lib/org.springframework/spring-aspects/jars/spring-aspects-4.0.9.RELEASE.jar
7020b000-70212000 r--s 0004f000 08:06 528881     /home/akash/.gvm/grails/2.4.5/dist/grails-web-gsp-2.4.5.jar
70212000-70214000 r--s 0000f000 08:06 527699     /home/akash/.gvm/grails/2.4.5/lib/commons-fileupload/commons-fileupload/jars/commons-fileupload-1.3.1.jar
70214000-7021a000 r--s 00027000 08:06 401456     /home/akash/.gvm/grails/2.4.5/lib/opensymphony/sitemesh/jars/sitemesh-2.4.jar
7021a000-7021c000 r--s 0000b000 08:06 529052     /home/akash/.gvm/grails/2.4.5/dist/grails-web-sitemesh-2.4.5.jar
7021c000-70220000 r--s 00024000 08:06 529323     /home/akash/.gvm/grails/2.4.5/dist/grails-web-jsp-2.4.5.jar
70220000-70225000 r--s 0002e000 08:06 528147     /home/akash/.gvm/grails/2.4.5/lib/org.springframework/spring-expression/jars/spring-expression-4.0.9.RELEASE.jar
70225000-7022e000 r--s 0004e000 08:06 528199     /home/akash/.gvm/grails/2.4.5/lib/org.springframework/spring-aop/jars/spring-aop-4.0.9.RELEASE.jar
7022e000-70231000 ---p 00000000 00:00 0 
70231000-7027f000 rw-p 00000000 00:00 0          [stack:1778]
7027f000-70280000 ---p 00000000 00:00 0 
70280000-70300000 rw-p 00000000 00:00 0          [stack:1776]
70300000-70400000 rw-p 00000000 00:00 0 
70400000-70402000 r--s 00009000 08:06 529033     /home/akash/.gvm/grails/2.4.5/dist/grails-web-2.4.5.jar
70402000-70404000 r--s 00008000 08:06 401447     /home/akash/.gvm/grails/2.4.5/lib/org.apache.tomcat/tomcat-juli/jars/tomcat-juli-7.0.50.jar
70404000-7041b000 r--s 000d8000 08:06 528186     /home/akash/.gvm/grails/2.4.5/lib/org.springframework/spring-context/jars/spring-context-4.0.9.RELEASE.jar
7041b000-70425000 r--s 0005e000 08:06 528165     /home/akash/.gvm/grails/2.4.5/lib/org.springframework/spring-jdbc/jars/spring-jdbc-4.0.9.RELEASE.jar
70425000-7042a000 r--s 0002a000 08:06 528079     /home/akash/.gvm/grails/2.4.5/lib/com.google.code.gson/gson/jars/gson-2.2.4.jar
7042a000-7043f000 r-xp 00000000 08:06 803771     /usr/lib/jvm/java-7-oracle/jre/lib/i386/libnet.so
7043f000-70440000 rw-p 00015000 08:06 803771     /usr/lib/jvm/java-7-oracle/jre/lib/i386/libnet.so
70440000-70600000 r--s 039fb000 08:06 804250     /usr/lib/jvm/java-7-oracle/jre/lib/rt.jar
70600000-72a00000 rw-p 00000000 00:00 0 
72a00000-72afb000 rw-p 00000000 00:00 0 
72afb000-72b00000 ---p 00000000 00:00 0 
72b00000-72b02000 r--s 0001d000 08:06 401452     /home/akash/.gvm/grails/2.4.5/lib/org.apache.tomcat/tomcat-jdbc/jars/tomcat-jdbc-7.0.50.jar
72b02000-72b04000 r--s 0000d000 08:06 528791     /home/akash/.gvm/grails/2.4.5/dist/grails-plugin-datasource-2.4.5.jar
72b04000-72b06000 r--s 00008000 08:06 528817     /home/akash/.gvm/grails/2.4.5/dist/grails-plugin-validation-2.4.5.jar
72b06000-72b09000 r--s 00020000 08:06 528622     /home/akash/.gvm/grails/2.4.5/dist/grails-plugin-controllers-2.4.5.jar
72b09000-72b13000 r--s 00253000 08:06 803739     /usr/lib/jvm/java-7-oracle/jre/lib/resources.jar
72b13000-72b16000 ---p 00000000 00:00 0 
72b16000-72b2e000 rw-p 00000000 00:00 0          [stack:1786]
72b2e000-72b31000 ---p 00000000 00:00 0 
72b31000-72b7f000 rw-p 00000000 00:00 0          [stack:1777]
72b7f000-72b80000 ---p 00000000 00:00 0 
72b80000-72c00000 rw-p 00000000 00:00 0          [stack:1775]
72c00000-72c54000 rw-p 00000000 00:00 0 
72c54000-72d00000 ---p 00000000 00:00 0 
72d00000-72d03000 r--s 00038000 08:06 529305     /home/akash/.gvm/grails/2.4.5/dist/grails-plugin-rest-2.4.5.jar
72d03000-72d11000 r-xp 00000000 08:06 803751     /usr/lib/jvm/java-7-oracle/jre/lib/i386/libnio.so
72d11000-72d12000 rw-p 0000e000 08:06 803751     /usr/lib/jvm/java-7-oracle/jre/lib/i386/libnio.so
72d12000-72d34000 r--s 0026b000 08:06 656834     /home/akash/.m2/repository/org/apache/tomcat/embed/tomcat-embed-core/7.0.55/tomcat-embed-core-7.0.55.jar
72d34000-72d7f000 rw-p 00000000 00:00 0 
72d7f000-72d80000 ---p 00000000 00:00 0 
72d80000-72e00000 rw-p 00000000 00:00 0          [stack:1774]
72e00000-72e21000 rw-p 00000000 00:00 0 
72e21000-72f00000 ---p 00000000 00:00 0 
72f00000-72f02000 r--s 00001000 08:06 803719     /usr/lib/jvm/java-7-oracle/jre/lib/ext/dnsns.jar
72f02000-72f03000 r-xp 00000000 08:06 663534     /tmp/libjansi-32-4966060511398243994.so
72f03000-72f04000 rw-p 00000000 08:06 663534     /tmp/libjansi-32-4966060511398243994.so
72f04000-72f08000 r--s 0008b000 08:06 803714     /usr/lib/jvm/java-7-oracle/jre/lib/jsse.jar
72f08000-72f0f000 r--s 00060000 08:06 528206     /home/akash/.gvm/grails/2.4.5/lib/org.springframework/springloaded/jars/springloaded-1.2.3.RELEASE.jar
72f0f000-72f1f000 r--s 0019c000 08:06 656833     /home/akash/.m2/repository/org/eclipse/jdt/core/compiler/ecj/3.7.2/ecj-3.7.2.jar
72f1f000-72f24000 r--s 0002f000 08:06 656828     /home/akash/.m2/repository/org/apache/tomcat/embed/tomcat-embed-websocket/7.0.55/tomcat-embed-websocket-7.0.55.jar
72f24000-72f7f000 rw-p 00000000 00:00 0 
72f7f000-72f80000 ---p 00000000 00:00 0 
72f80000-73000000 rw-p 00000000 00:00 0          [stack:1773]
73000000-73021000 rw-p 00000000 00:00 0 
73021000-73100000 ---p 00000000 00:00 0 
73100000-73102000 r--s 00010000 08:06 530804     /home/akash/IdeaProjects/link_sharing/target/work/plugins/tomcat-7.0.55.2/grails-plugin-tomcat-7.0.55.2.jar
73102000-7310b000 r--s 0009f000 08:06 656824     /home/akash/.m2/repository/org/apache/tomcat/embed/tomcat-embed-jasper/7.0.55/tomcat-embed-jasper-7.0.55.jar
7310b000-73120000 r--s 00116000 08:06 401374     /home/akash/.gvm/grails/2.4.5/lib/org.apache.ivy/ivy/jars/ivy-2.3.0.jar
73120000-7313e000 r--s 001bd000 08:06 528072     /home/akash/.gvm/grails/2.4.5/lib/org.apache.ant/ant/jars/ant-1.8.4.jar
7313e000-7313f000 ---p 00000000 00:00 0 
7313f000-731e3000 rw-p 00000000 00:00 0          [stack:1772]
731e3000-7323f000 rw-p 00000000 00:00 0 
7323f000-7328b000 rw-p 00000000 00:00 0 
7328b000-732a3000 ---p 00000000 00:00 0 
732a3000-7333f000 rw-p 00000000 00:00 0 
7333f000-73363000 rw-p 00000000 00:00 0 
73363000-733bf000 rw-p 00000000 00:00 0 
733bf000-7340b000 rw-p 00000000 00:00 0 
7340b000-73423000 ---p 00000000 00:00 0 
73423000-734bf000 rw-p 00000000 00:00 0 
734bf000-7353f000 rw-p 00000000 00:00 0 
7353f000-77c00000 rw-p 00000000 00:00 0 
77c00000-83540000 rw-p 00000000 00:00 0 
83540000-8cc00000 rw-p 00000000 00:00 0 
91862000-91a80000 rw-p 00000000 00:00 0 
91a80000-a3540000 rw-p 00000000 00:00 0 
a3540000-b3380000 rw-p 00000000 00:00 0 
b3380000-b3540000 ---p 00000000 00:00 0 
b3540000-b355b000 rw-p 00000000 00:00 0 
b355b000-b3600000 rw-p 00000000 00:00 0 
b3600000-b3c90000 rwxp 00000000 00:00 0 
b3c90000-b66f8000 rw-p 00000000 00:00 0 
b66f8000-b6700000 ---p 00000000 00:00 0 
b6700000-b6701000 r--s 00000000 08:06 528562     /home/akash/.gvm/grails/2.4.5/dist/grails-web-fileupload-2.4.5.jar
b6701000-b6703000 r--s 00013000 08:06 656830     /home/akash/.m2/repository/org/apache/tomcat/embed/tomcat-embed-logging-log4j/7.0.55/tomcat-embed-logging-log4j-7.0.55.jar
b6703000-b6706000 r--s 00028000 08:06 656826     /home/akash/.m2/repository/org/apache/tomcat/embed/tomcat-embed-el/7.0.55/tomcat-embed-el-7.0.55.jar
b6706000-b6708000 r--s 0000c000 08:06 656822     /home/akash/.m2/repository/org/apache/tomcat/tomcat-catalina-ant/7.0.55/tomcat-catalina-ant-7.0.55.jar
b6708000-b670a000 r--s 0001a000 08:06 528296     /home/akash/.gvm/grails/2.4.5/lib/org.fusesource.jansi/jansi/jars/jansi-1.11.jar
b670a000-b670d000 r--s 00018000 08:06 528069     /home/akash/.gvm/grails/2.4.5/lib/org.apache.ant/ant-junit/jars/ant-junit-1.8.4.jar
b670d000-b670e000 r--s 00001000 08:06 528075     /home/akash/.gvm/grails/2.4.5/lib/org.apache.ant/ant-trax/jars/ant-trax-1.7.1.jar
b670e000-b6712000 r--s 00031000 08:06 528261     /home/akash/.gvm/grails/2.4.5/lib/jline/jline/jars/jline-2.12.jar
b6712000-b6714000 r--s 00005000 08:06 528257     /home/akash/.gvm/grails/2.4.5/lib/org.slf4j/slf4j-api/jars/slf4j-api-1.7.5.jar
b6714000-b6722000 r--s 000d9000 08:06 528935     /home/akash/.gvm/grails/2.4.5/dist/grails-bootstrap-2.4.5.jar
b6722000-b673a000 rw-p 00000000 00:00 0 
b673a000-b6751000 r-xp 00000000 08:06 803770     /usr/lib/jvm/java-7-oracle/jre/lib/i386/libzip.so
b6751000-b6752000 rw-p 00016000 08:06 803770     /usr/lib/jvm/java-7-oracle/jre/lib/i386/libzip.so
b6752000-b675d000 r-xp 00000000 08:06 393537     /lib/i386-linux-gnu/libnss_files-2.19.so
b675d000-b675e000 r--p 0000a000 08:06 393537     /lib/i386-linux-gnu/libnss_files-2.19.so
b675e000-b675f000 rw-p 0000b000 08:06 393537     /lib/i386-linux-gnu/libnss_files-2.19.so
b675f000-b6769000 r-xp 00000000 08:06 393547     /lib/i386-linux-gnu/libnss_nis-2.19.so
b6769000-b676a000 r--p 00009000 08:06 393547     /lib/i386-linux-gnu/libnss_nis-2.19.so
b676a000-b676b000 rw-p 0000a000 08:06 393547     /lib/i386-linux-gnu/libnss_nis-2.19.so
b676b000-b6780000 r-xp 00000000 08:06 393531     /lib/i386-linux-gnu/libnsl-2.19.so
b6780000-b6781000 r--p 00015000 08:06 393531     /lib/i386-linux-gnu/libnsl-2.19.so
b6781000-b6782000 rw-p 00016000 08:06 393531     /lib/i386-linux-gnu/libnsl-2.19.so
b6782000-b6784000 rw-p 00000000 00:00 0 
b6784000-b678b000 r-xp 00000000 08:06 393533     /lib/i386-linux-gnu/libnss_compat-2.19.so
b678b000-b678c000 r--p 00006000 08:06 393533     /lib/i386-linux-gnu/libnss_compat-2.19.so
b678c000-b678d000 rw-p 00007000 08:06 393533     /lib/i386-linux-gnu/libnss_compat-2.19.so
b678d000-b678e000 r--s 00004000 08:06 528066     /home/akash/.gvm/grails/2.4.5/lib/org.apache.ant/ant-launcher/jars/ant-launcher-1.8.4.jar
b678e000-b6797000 r--s 0006f000 08:06 397049     /home/akash/.gvm/grails/2.4.5/lib/log4j/log4j/jars/log4j-1.2.17.jar
b6797000-b6799000 r--s 0000d000 08:06 528441     /home/akash/.gvm/grails/2.4.5/dist/grails-plugin-log4j-2.4.5.jar
b6799000-b679b000 r--s 00013000 08:06 401461     /home/akash/.gvm/grails/2.4.5/lib/org.apache.tomcat.embed/tomcat-embed-logging-log4j/jars/tomcat-embed-logging-log4j-7.0.50.jar
b679b000-b67a0000 r--s 00050000 08:06 528058     /home/akash/.gvm/grails/2.4.5/lib/org.codehaus.gant/gant_groovy1.8/jars/gant_groovy1.8-1.9.6.jar
b67a0000-b67a2000 r--s 00003000 08:06 528243     /home/akash/.gvm/grails/2.4.5/lib/org.slf4j/jcl-over-slf4j/jars/jcl-over-slf4j-1.7.5.jar
b67a2000-b67a3000 r--p 00850000 08:06 795111     /usr/lib/locale/locale-archive
b67a3000-b67ac000 r-xp 00000000 08:06 803777     /usr/lib/jvm/java-7-oracle/jre/lib/i386/libinstrument.so
b67ac000-b67ad000 rw-p 00008000 08:06 803777     /usr/lib/jvm/java-7-oracle/jre/lib/i386/libinstrument.so
b67ad000-b67d0000 r-xp 00000000 08:06 803805     /usr/lib/jvm/java-7-oracle/jre/lib/i386/libjava.so
b67d0000-b67d1000 rw-p 00023000 08:06 803805     /usr/lib/jvm/java-7-oracle/jre/lib/i386/libjava.so
b67d1000-b67d8000 r-xp 00000000 08:06 393590     /lib/i386-linux-gnu/librt-2.19.so
b67d8000-b67d9000 r--p 00006000 08:06 393590     /lib/i386-linux-gnu/librt-2.19.so
b67d9000-b67da000 rw-p 00007000 08:06 393590     /lib/i386-linux-gnu/librt-2.19.so
b67da000-b67dd000 ---p 00000000 00:00 0 
b67dd000-b682b000 rw-p 00000000 00:00 0          [stack:1771]
b682b000-b686f000 r-xp 00000000 08:06 393512     /lib/i386-linux-gnu/libm-2.19.so
b686f000-b6870000 r--p 00043000 08:06 393512     /lib/i386-linux-gnu/libm-2.19.so
b6870000-b6871000 rw-p 00044000 08:06 393512     /lib/i386-linux-gnu/libm-2.19.so
b6871000-b70f8000 r-xp 00000000 08:06 803797     /usr/lib/jvm/java-7-oracle/jre/lib/i386/server/libjvm.so
b70f8000-b715c000 rw-p 00886000 08:06 803797     /usr/lib/jvm/java-7-oracle/jre/lib/i386/server/libjvm.so
b715c000-b7580000 rw-p 00000000 00:00 0 
b7580000-b7729000 r-xp 00000000 08:06 393462     /lib/i386-linux-gnu/libc-2.19.so
b7729000-b772b000 r--p 001a9000 08:06 393462     /lib/i386-linux-gnu/libc-2.19.so
b772b000-b772c000 rw-p 001ab000 08:06 393462     /lib/i386-linux-gnu/libc-2.19.so
b772c000-b772f000 rw-p 00000000 00:00 0 
b772f000-b7732000 r-xp 00000000 08:06 393479     /lib/i386-linux-gnu/libdl-2.19.so
b7732000-b7733000 r--p 00002000 08:06 393479     /lib/i386-linux-gnu/libdl-2.19.so
b7733000-b7734000 rw-p 00003000 08:06 393479     /lib/i386-linux-gnu/libdl-2.19.so
b7734000-b7735000 rw-p 00000000 00:00 0 
b7735000-b7749000 r-xp 00000000 08:06 805697     /usr/lib/jvm/java-7-oracle/lib/i386/jli/libjli.so
b7749000-b774a000 rw-p 00013000 08:06 805697     /usr/lib/jvm/java-7-oracle/lib/i386/jli/libjli.so
b774a000-b7762000 r-xp 00000000 08:06 393582     /lib/i386-linux-gnu/libpthread-2.19.so
b7762000-b7763000 r--p 00017000 08:06 393582     /lib/i386-linux-gnu/libpthread-2.19.so
b7763000-b7764000 rw-p 00018000 08:06 393582     /lib/i386-linux-gnu/libpthread-2.19.so
b7764000-b7766000 rw-p 00000000 00:00 0 
b7766000-b776e000 rw-s 00000000 08:06 663533     /tmp/hsperfdata_akash/1768
b776e000-b776f000 rw-p 00000000 00:00 0 
b776f000-b7770000 ---p 00000000 00:00 0 
b7770000-b777b000 r-xp 00000000 08:06 803793     /usr/lib/jvm/java-7-oracle/jre/lib/i386/libverify.so
b777b000-b777c000 rw-p 0000b000 08:06 803793     /usr/lib/jvm/java-7-oracle/jre/lib/i386/libverify.so
b777c000-b777e000 rw-p 00000000 00:00 0 
b777e000-b777f000 r-xp 00000000 00:00 0          [vdso]
b777f000-b779f000 r-xp 00000000 08:06 393438     /lib/i386-linux-gnu/ld-2.19.so
b779f000-b77a0000 r--p 0001f000 08:06 393438     /lib/i386-linux-gnu/ld-2.19.so
b77a0000-b77a1000 rw-p 00020000 08:06 393438     /lib/i386-linux-gnu/ld-2.19.so
bfd19000-bfd1a000 rwxp 00000000 00:00 0 
bfd4b000-bfd6d000 rw-p 00000000 00:00 0          [stack]

VM Arguments:
jvm_args: -Dfile.encoding=UTF-8 -Xmx768M -Xms64M -XX:MaxPermSize=256m -Dgrails.fork.parent.process.port=42268 -Dgrails.fork.active=true -Dgrails.build.execution.context=/tmp/link_sharing8101670819585479756grails-execution-context -Dgrails.home=/home/akash/.gvm/grails/2.4.5 -javaagent:/home/akash/.gvm/grails/2.4.5/lib/org.springframework/springloaded/jars/springloaded-1.2.3.RELEASE.jar -Xverify:none -Dspringloaded.synchronize=true -Djdk.reflect.allowGetCallerClass=true -Dspringloaded=profile=grails;cacheDir=/home/akash/.grails/2.4.5 
java_command: org.grails.plugins.tomcat.fork.ForkedTomcatServer
Launcher Type: SUN_STANDARD

Environment Variables:
JAVA_HOME=/usr/lib/jvm/java-7-oracle
PATH=/usr/local/sbin:/usr/local/bin:/usr/sbin:/usr/bin:/sbin:/bin:/usr/games:/usr/local/games
SHELL=/bin/bash
DISPLAY=:0

Signal Handlers:
SIGSEGV: [libjvm.so+0x7eb160], sa_mask[0]=0x7ffbfeff, sa_flags=0x10000004
SIGBUS: [libjvm.so+0x7eb160], sa_mask[0]=0x7ffbfeff, sa_flags=0x10000004
SIGFPE: [libjvm.so+0x684ac0], sa_mask[0]=0x7ffbfeff, sa_flags=0x10000004
SIGPIPE: [libjvm.so+0x684ac0], sa_mask[0]=0x7ffbfeff, sa_flags=0x10000004
SIGXFSZ: [libjvm.so+0x684ac0], sa_mask[0]=0x7ffbfeff, sa_flags=0x10000004
SIGILL: [libjvm.so+0x684ac0], sa_mask[0]=0x7ffbfeff, sa_flags=0x10000004
SIGUSR1: SIG_DFL, sa_mask[0]=0x00000000, sa_flags=0x00000000
SIGUSR2: [libjvm.so+0x686330], sa_mask[0]=0x00000004, sa_flags=0x10000004
SIGHUP: [libjvm.so+0x687660], sa_mask[0]=0x7ffbfeff, sa_flags=0x10000004
SIGINT: [libjvm.so+0x687660], sa_mask[0]=0x7ffbfeff, sa_flags=0x10000004
SIGTERM: [libjvm.so+0x687660], sa_mask[0]=0x7ffbfeff, sa_flags=0x10000004
SIGQUIT: [libjvm.so+0x687660], sa_mask[0]=0x7ffbfeff, sa_flags=0x10000004


---------------  S Y S T E M  ---------------

OS:jessie/sid

uname:Linux 3.13.0-32-generic #57-Ubuntu SMP Tue Jul 15 03:51:12 UTC 2014 i686
libc:glibc 2.19 NPTL 2.19 
rlimit: STACK 8192k, CORE 0k, NPROC 31073, NOFILE 4096, AS infinity
load average:3.82 2.51 1.87

/proc/meminfo:
MemTotal:        3996560 kB
MemFree:          251416 kB
Buffers:            2336 kB
Cached:           458176 kB
SwapCached:            0 kB
Active:          3110264 kB
Inactive:         437172 kB
Active(anon):    3089968 kB
Inactive(anon):   413592 kB
Active(file):      20296 kB
Inactive(file):    23580 kB
Unevictable:         928 kB
Mlocked:             928 kB
HighTotal:       3149056 kB
HighFree:          74160 kB
LowTotal:         847504 kB
LowFree:          177256 kB
SwapTotal:             0 kB
SwapFree:              0 kB
Dirty:                40 kB
Writeback:             0 kB
AnonPages:       3088064 kB
Mapped:           171304 kB
Shmem:            416448 kB
Slab:              48384 kB
SReclaimable:      19340 kB
SUnreclaim:        29044 kB
KernelStack:        5904 kB
PageTables:        18612 kB
NFS_Unstable:          0 kB
Bounce:               36 kB
WritebackTmp:          0 kB
CommitLimit:     1998280 kB
Committed_AS:    8637336 kB
VmallocTotal:     122880 kB
VmallocUsed:       29856 kB
VmallocChunk:      69348 kB
HardwareCorrupted:     0 kB
AnonHugePages:   1495040 kB
HugePages_Total:       0
HugePages_Free:        0
HugePages_Rsvd:        0
HugePages_Surp:        0
Hugepagesize:       2048 kB
DirectMap4k:       38904 kB
DirectMap2M:      872448 kB


CPU:total 4 (2 cores per cpu, 2 threads per core) family 6 model 58 stepping 9, cmov, cx8, fxsr, mmx, sse, sse2, sse3, ssse3, sse4.1, sse4.2, popcnt, avx, erms, ht, tsc, tscinvbit, tscinv

/proc/cpuinfo:
processor	: 0
vendor_id	: GenuineIntel
cpu family	: 6
model		: 58
model name	: Intel(R) Core(TM) i3-3110M CPU @ 2.40GHz
stepping	: 9
microcode	: 0x15
cpu MHz		: 1200.000
cache size	: 3072 KB
physical id	: 0
siblings	: 4
core id		: 0
cpu cores	: 2
apicid		: 0
initial apicid	: 0
fdiv_bug	: no
f00f_bug	: no
coma_bug	: no
fpu		: yes
fpu_exception	: yes
cpuid level	: 13
wp		: yes
flags		: fpu vme de pse tsc msr pae mce cx8 apic sep mtrr pge mca cmov pat pse36 clflush dts acpi mmx fxsr sse sse2 ss ht tm pbe nx rdtscp lm constant_tsc arch_perfmon pebs bts xtopology nonstop_tsc aperfmperf eagerfpu pni pclmulqdq dtes64 monitor ds_cpl vmx est tm2 ssse3 cx16 xtpr pdcm pcid sse4_1 sse4_2 x2apic popcnt tsc_deadline_timer xsave avx f16c lahf_lm arat epb xsaveopt pln pts dtherm tpr_shadow vnmi flexpriority ept vpid fsgsbase smep erms
bogomips	: 4788.88
clflush size	: 64
cache_alignment	: 64
address sizes	: 36 bits physical, 48 bits virtual
power management:

processor	: 1
vendor_id	: GenuineIntel
cpu family	: 6
model		: 58
model name	: Intel(R) Core(TM) i3-3110M CPU @ 2.40GHz
stepping	: 9
microcode	: 0x15
cpu MHz		: 1200.000
cache size	: 3072 KB
physical id	: 0
siblings	: 4
core id		: 0
cpu cores	: 2
apicid		: 1
initial apicid	: 1
fdiv_bug	: no
f00f_bug	: no
coma_bug	: no
fpu		: yes
fpu_exception	: yes
cpuid level	: 13
wp		: yes
flags		: fpu vme de pse tsc msr pae mce cx8 apic sep mtrr pge mca cmov pat pse36 clflush dts acpi mmx fxsr sse sse2 ss ht tm pbe nx rdtscp lm constant_tsc arch_perfmon pebs bts xtopology nonstop_tsc aperfmperf eagerfpu pni pclmulqdq dtes64 monitor ds_cpl vmx est tm2 ssse3 cx16 xtpr pdcm pcid sse4_1 sse4_2 x2apic popcnt tsc_deadline_timer xsave avx f16c lahf_lm arat epb xsaveopt pln pts dtherm tpr_shadow vnmi flexpriority ept vpid fsgsbase smep erms
bogomips	: 4788.88
clflush size	: 64
cache_alignment	: 64
address sizes	: 36 bits physical, 48 bits virtual
power management:

processor	: 2
vendor_id	: GenuineIntel
cpu family	: 6
model		: 58
model name	: Intel(R) Core(TM) i3-3110M CPU @ 2.40GHz
stepping	: 9
microcode	: 0x15
cpu MHz		: 2400.000
cache size	: 3072 KB
physical id	: 0
siblings	: 4
core id		: 1
cpu cores	: 2
apicid		: 2
initial apicid	: 2
fdiv_bug	: no
f00f_bug	: no
coma_bug	: no
fpu		: yes
fpu_exception	: yes
cpuid level	: 13
wp		: yes
flags		: fpu vme de pse tsc msr pae mce cx8 apic sep mtrr pge mca cmov pat pse36 clflush dts acpi mmx fxsr sse sse2 ss ht tm pbe nx rdtscp lm constant_tsc arch_perfmon pebs bts xtopology nonstop_tsc aperfmperf eagerfpu pni pclmulqdq dtes64 monitor ds_cpl vmx est tm2 ssse3 cx16 xtpr pdcm pcid sse4_1 sse4_2 x2apic popcnt tsc_deadline_timer xsave avx f16c lahf_lm arat epb xsaveopt pln pts dtherm tpr_shadow vnmi flexpriority ept vpid fsgsbase smep erms
bogomips	: 4788.88
clflush size	: 64
cache_alignment	: 64
address sizes	: 36 bits physical, 48 bits virtual
power management:

processor	: 3
vendor_id	: GenuineIntel
cpu family	: 6
model		: 58
model name	: Intel(R) Core(TM) i3-3110M CPU @ 2.40GHz
stepping	: 9
microcode	: 0x15
cpu MHz		: 1600.000
cache size	: 3072 KB
physical id	: 0
siblings	: 4
core id		: 1
cpu cores	: 2
apicid		: 3
initial apicid	: 3
fdiv_bug	: no
f00f_bug	: no
coma_bug	: no
fpu		: yes
fpu_exception	: yes
cpuid level	: 13
wp		: yes
flags		: fpu vme de pse tsc msr pae mce cx8 apic sep mtrr pge mca cmov pat pse36 clflush dts acpi mmx fxsr sse sse2 ss ht tm pbe nx rdtscp lm constant_tsc arch_perfmon pebs bts xtopology nonstop_tsc aperfmperf eagerfpu pni pclmulqdq dtes64 monitor ds_cpl vmx est tm2 ssse3 cx16 xtpr pdcm pcid sse4_1 sse4_2 x2apic popcnt tsc_deadline_timer xsave avx f16c lahf_lm arat epb xsaveopt pln pts dtherm tpr_shadow vnmi flexpriority ept vpid fsgsbase smep erms
bogomips	: 4788.88
clflush size	: 64
cache_alignment	: 64
address sizes	: 36 bits physical, 48 bits virtual
power management:



Memory: 4k page, physical 3996560k(251416k free), swap 0k(0k free)

vm_info: Java HotSpot(TM) Server VM (24.80-b11) for linux-x86 JRE (1.7.0_80-b15), built on Apr 10 2015 12:29:10 by "java_re" with gcc 4.3.0 20080428 (Red Hat 4.3.0-8)

time: Tue Jul  7 22:30:50 2015
elapsed time: 43 seconds

