#
# There is insufficient memory for the Java Runtime Environment to continue.
# Native memory allocation (malloc) failed to allocate 268435456 bytes for committing reserved memory.
# Possible reasons:
#   The system is out of physical RAM or swap space
#   In 32 bit mode, the process size limit was hit
# Possible solutions:
#   Reduce memory load on the system
#   Increase physical memory or swap space
#   Check if swap backing store is full
#   Use 64 bit Java on a 64 bit OS
#   Decrease Java heap size (-Xmx/-Xms)
#   Decrease number of Java threads
#   Decrease Java thread stack sizes (-Xss)
#   Set larger code cache with -XX:ReservedCodeCacheSize=
# This output file may be truncated or incomplete.
#
#  Out of Memory Error (os_linux.cpp:2756), pid=23122, tid=3061422912
#
# JRE version:  (7.0_80-b15) (build )
# Java VM: Java HotSpot(TM) Server VM (24.80-b11 mixed mode linux-x86 )
# Failed to write core dump. Core dumps have been disabled. To enable core dumping, try "ulimit -c unlimited" before starting Java again
#

---------------  T H R E A D  ---------------

Current thread (0xb6607800):  JavaThread "Unknown thread" [_thread_in_vm, id=23123, stack(0xb6749000,0xb679a000)]

Stack: [0xb6749000,0xb679a000],  sp=0xb6798b00,  free space=318k
Native frames: (J=compiled Java code, j=interpreted, Vv=VM code, C=native code)
V  [libjvm.so+0x7ea656]  VMError::report_and_die()+0x1a6
V  [libjvm.so+0x33eb82]  report_vm_out_of_memory(char const*, int, unsigned int, char const*)+0x72
V  [libjvm.so+0x687fb1]  os::Linux::commit_memory_impl(char*, unsigned int, bool)+0xe1
V  [libjvm.so+0x688478]  os::pd_commit_memory(char*, unsigned int, unsigned int, bool)+0x28
V  [libjvm.so+0x681b2c]  os::commit_memory(char*, unsigned int, unsigned int, bool)+0x2c
V  [libjvm.so+0x6ea8d8]  PSVirtualSpace::expand_by(unsigned int)+0x48
V  [libjvm.so+0x6eb624]  PSYoungGen::initialize_virtual_space(ReservedSpace, unsigned int)+0x54
V  [libjvm.so+0x6ebe75]  PSYoungGen::initialize(ReservedSpace, unsigned int)+0x25
V  [libjvm.so+0x187efa]  AdjoiningGenerations::AdjoiningGenerations(ReservedSpace, unsigned int, unsigned int, unsigned int, unsigned int, unsigned int, unsigned int, unsigned int)+0x27a
V  [libjvm.so+0x6a7af4]  ParallelScavengeHeap::initialize()+0x3b4
V  [libjvm.so+0x7bd1c4]  Universe::initialize_heap()+0xa4
V  [libjvm.so+0x7be7f5]  universe_init()+0x55
V  [libjvm.so+0x452775]  init_globals()+0x55
V  [libjvm.so+0x7a73b0]  Threads::create_vm(JavaVMInitArgs*, bool*)+0x200
V  [libjvm.so+0x4c544c]  JNI_CreateJavaVM+0x5c
C  [libjli.so+0x2688]  JavaMain+0x98
C  [libpthread.so.0+0x6f70]  start_thread+0xd0


---------------  P R O C E S S  ---------------

Java Threads: ( => current thread )

Other Threads:

=>0xb6607800 (exited) JavaThread "Unknown thread" [_thread_in_vm, id=23123, stack(0xb6749000,0xb679a000)]

VM state:not at safepoint (not fully initialized)

VM Mutex/Monitor currently owned by a thread: None

GC Heap History (0 events):
No events

Deoptimization events (0 events):
No events

Internal exceptions (0 events):
No events

Events (0 events):
No events


Dynamic libraries:
08048000-08049000 r-xp 00000000 08:06 804311     /usr/lib/jvm/java-7-oracle/bin/java
08049000-0804a000 rw-p 00000000 08:06 804311     /usr/lib/jvm/java-7-oracle/bin/java
09fc6000-09fe7000 rw-p 00000000 00:00 0          [heap]
732ff000-734ff000 rw-p 00000000 00:00 0 
734ff000-73500000 rw-p 00000000 00:00 0 
73500000-a3500000 rw-p 00000000 00:00 0 
b32e9000-b350e000 rw-p 00000000 00:00 0 
b350e000-b35c5000 rw-p 00000000 00:00 0 
b35c5000-b3805000 rwxp 00000000 00:00 0 
b3805000-b65c5000 rw-p 00000000 00:00 0 
b65c5000-b65d0000 r-xp 00000000 08:06 393537     /lib/i386-linux-gnu/libnss_files-2.19.so
b65d0000-b65d1000 r--p 0000a000 08:06 393537     /lib/i386-linux-gnu/libnss_files-2.19.so
b65d1000-b65d2000 rw-p 0000b000 08:06 393537     /lib/i386-linux-gnu/libnss_files-2.19.so
b65d2000-b65dc000 r-xp 00000000 08:06 393547     /lib/i386-linux-gnu/libnss_nis-2.19.so
b65dc000-b65dd000 r--p 00009000 08:06 393547     /lib/i386-linux-gnu/libnss_nis-2.19.so
b65dd000-b65de000 rw-p 0000a000 08:06 393547     /lib/i386-linux-gnu/libnss_nis-2.19.so
b65de000-b65f3000 r-xp 00000000 08:06 393531     /lib/i386-linux-gnu/libnsl-2.19.so
b65f3000-b65f4000 r--p 00015000 08:06 393531     /lib/i386-linux-gnu/libnsl-2.19.so
b65f4000-b65f5000 rw-p 00016000 08:06 393531     /lib/i386-linux-gnu/libnsl-2.19.so
b65f5000-b65f7000 rw-p 00000000 00:00 0 
b65f7000-b65fe000 r-xp 00000000 08:06 393533     /lib/i386-linux-gnu/libnss_compat-2.19.so
b65fe000-b65ff000 r--p 00006000 08:06 393533     /lib/i386-linux-gnu/libnss_compat-2.19.so
b65ff000-b6600000 rw-p 00007000 08:06 393533     /lib/i386-linux-gnu/libnss_compat-2.19.so
b6600000-b6621000 rw-p 00000000 00:00 0 
b6621000-b6700000 ---p 00000000 00:00 0 
b6701000-b6704000 rw-p 00000000 00:00 0 
b6704000-b671b000 r-xp 00000000 08:06 803770     /usr/lib/jvm/java-7-oracle/jre/lib/i386/libzip.so
b671b000-b671c000 rw-p 00016000 08:06 803770     /usr/lib/jvm/java-7-oracle/jre/lib/i386/libzip.so
b671c000-b673f000 r-xp 00000000 08:06 803805     /usr/lib/jvm/java-7-oracle/jre/lib/i386/libjava.so
b673f000-b6740000 rw-p 00023000 08:06 803805     /usr/lib/jvm/java-7-oracle/jre/lib/i386/libjava.so
b6740000-b6747000 r-xp 00000000 08:06 393590     /lib/i386-linux-gnu/librt-2.19.so
b6747000-b6748000 r--p 00006000 08:06 393590     /lib/i386-linux-gnu/librt-2.19.so
b6748000-b6749000 rw-p 00007000 08:06 393590     /lib/i386-linux-gnu/librt-2.19.so
b6749000-b674c000 ---p 00000000 00:00 0 
b674c000-b679a000 rw-p 00000000 00:00 0          [stack:23123]
b679a000-b67de000 r-xp 00000000 08:06 393512     /lib/i386-linux-gnu/libm-2.19.so
b67de000-b67df000 r--p 00043000 08:06 393512     /lib/i386-linux-gnu/libm-2.19.so
b67df000-b67e0000 rw-p 00044000 08:06 393512     /lib/i386-linux-gnu/libm-2.19.so
b67e0000-b7067000 r-xp 00000000 08:06 803797     /usr/lib/jvm/java-7-oracle/jre/lib/i386/server/libjvm.so
b7067000-b70cb000 rw-p 00886000 08:06 803797     /usr/lib/jvm/java-7-oracle/jre/lib/i386/server/libjvm.so
b70cb000-b74ef000 rw-p 00000000 00:00 0 
b74ef000-b7698000 r-xp 00000000 08:06 393462     /lib/i386-linux-gnu/libc-2.19.so
b7698000-b769a000 r--p 001a9000 08:06 393462     /lib/i386-linux-gnu/libc-2.19.so
b769a000-b769b000 rw-p 001ab000 08:06 393462     /lib/i386-linux-gnu/libc-2.19.so
b769b000-b769e000 rw-p 00000000 00:00 0 
b769e000-b76a1000 r-xp 00000000 08:06 393479     /lib/i386-linux-gnu/libdl-2.19.so
b76a1000-b76a2000 r--p 00002000 08:06 393479     /lib/i386-linux-gnu/libdl-2.19.so
b76a2000-b76a3000 rw-p 00003000 08:06 393479     /lib/i386-linux-gnu/libdl-2.19.so
b76a3000-b76a4000 rw-p 00000000 00:00 0 
b76a4000-b76b8000 r-xp 00000000 08:06 805697     /usr/lib/jvm/java-7-oracle/lib/i386/jli/libjli.so
b76b8000-b76b9000 rw-p 00013000 08:06 805697     /usr/lib/jvm/java-7-oracle/lib/i386/jli/libjli.so
b76b9000-b76d1000 r-xp 00000000 08:06 393582     /lib/i386-linux-gnu/libpthread-2.19.so
b76d1000-b76d2000 r--p 00017000 08:06 393582     /lib/i386-linux-gnu/libpthread-2.19.so
b76d2000-b76d3000 rw-p 00018000 08:06 393582     /lib/i386-linux-gnu/libpthread-2.19.so
b76d3000-b76d5000 rw-p 00000000 00:00 0 
b76d5000-b76dd000 rw-s 00000000 08:06 662997     /tmp/hsperfdata_akash/23122
b76dd000-b76de000 rw-p 00000000 00:00 0 
b76de000-b76df000 r--p 00000000 00:00 0 
b76df000-b76ea000 r-xp 00000000 08:06 803793     /usr/lib/jvm/java-7-oracle/jre/lib/i386/libverify.so
b76ea000-b76eb000 rw-p 0000b000 08:06 803793     /usr/lib/jvm/java-7-oracle/jre/lib/i386/libverify.so
b76eb000-b76ed000 rw-p 00000000 00:00 0 
b76ed000-b76ee000 r-xp 00000000 00:00 0          [vdso]
b76ee000-b770e000 r-xp 00000000 08:06 393438     /lib/i386-linux-gnu/ld-2.19.so
b770e000-b770f000 r--p 0001f000 08:06 393438     /lib/i386-linux-gnu/ld-2.19.so
b770f000-b7710000 rw-p 00020000 08:06 393438     /lib/i386-linux-gnu/ld-2.19.so
bf895000-bf896000 rwxp 00000000 00:00 0 
bf8c8000-bf8e9000 rw-p 00000000 00:00 0          [stack]

VM Arguments:
jvm_args: -Dgrails.home=/home/akash/.gvm/grails/current -Dbase.dir=/home/akash/IdeaProjects/link_sharing -Dtools.jar=/usr/lib/jvm/java-7-oracle/lib/tools.jar -Dgroovy.starter.conf=/home/akash/.gvm/grails/current/conf/groovy-starter.conf -Xmx768M -Xms768M -XX:MaxPermSize=256m -XX:PermSize=256m -Dfile.encoding=UTF-8 
java_command: org.codehaus.groovy.grails.cli.support.GrailsStarter --main org.codehaus.groovy.grails.cli.GrailsScriptRunner --conf /home/akash/.gvm/grails/current/conf/groovy-starter.conf idea-print-project-settings -plain-output
Launcher Type: SUN_STANDARD

Environment Variables:
JAVA_HOME=/usr/lib/jvm/java-7-oracle
PATH=/usr/local/sbin:/usr/local/bin:/usr/sbin:/usr/bin:/sbin:/bin:/usr/games:/usr/local/games
SHELL=/bin/bash
DISPLAY=:0

Signal Handlers:
SIGSEGV: [libjvm.so+0x7eb160], sa_mask[0]=0x7ffbfeff, sa_flags=0x10000004
SIGBUS: [libjvm.so+0x7eb160], sa_mask[0]=0x7ffbfeff, sa_flags=0x10000004
SIGFPE: [libjvm.so+0x684ac0], sa_mask[0]=0x7ffbfeff, sa_flags=0x10000004
SIGPIPE: [libjvm.so+0x684ac0], sa_mask[0]=0x7ffbfeff, sa_flags=0x10000004
SIGXFSZ: [libjvm.so+0x684ac0], sa_mask[0]=0x7ffbfeff, sa_flags=0x10000004
SIGILL: [libjvm.so+0x684ac0], sa_mask[0]=0x7ffbfeff, sa_flags=0x10000004
SIGUSR1: SIG_DFL, sa_mask[0]=0x00000000, sa_flags=0x00000000
SIGUSR2: [libjvm.so+0x686330], sa_mask[0]=0x00000004, sa_flags=0x10000004
SIGHUP: SIG_DFL, sa_mask[0]=0x00000000, sa_flags=0x00000000
SIGINT: SIG_DFL, sa_mask[0]=0x00000000, sa_flags=0x00000000
SIGTERM: SIG_DFL, sa_mask[0]=0x00000000, sa_flags=0x00000000
SIGQUIT: SIG_DFL, sa_mask[0]=0x00000000, sa_flags=0x00000000


---------------  S Y S T E M  ---------------

OS:jessie/sid

uname:Linux 3.13.0-32-generic #57-Ubuntu SMP Tue Jul 15 03:51:12 UTC 2014 i686
libc:glibc 2.19 NPTL 2.19 
rlimit: STACK 8192k, CORE 0k, NPROC 31073, NOFILE 4096, AS infinity
load average:1.05 1.32 1.13

/proc/meminfo:
MemTotal:        3996560 kB
MemFree:          207792 kB
Buffers:            6652 kB
Cached:           594660 kB
SwapCached:            0 kB
Active:          3090936 kB
Inactive:         528564 kB
Active(anon):    3021068 kB
Inactive(anon):   458444 kB
Active(file):      69868 kB
Inactive(file):    70120 kB
Unevictable:         680 kB
Mlocked:             680 kB
HighTotal:       3149056 kB
HighFree:          43056 kB
LowTotal:         847504 kB
LowFree:          164736 kB
SwapTotal:             0 kB
SwapFree:              0 kB
Dirty:               496 kB
Writeback:             0 kB
AnonPages:       3018936 kB
Mapped:           254384 kB
Shmem:            461292 kB
Slab:              47884 kB
SReclaimable:      19800 kB
SUnreclaim:        28084 kB
KernelStack:        5560 kB
PageTables:        19584 kB
NFS_Unstable:          0 kB
Bounce:                0 kB
WritebackTmp:          0 kB
CommitLimit:     1998280 kB
Committed_AS:    9045960 kB
VmallocTotal:     122880 kB
VmallocUsed:       29856 kB
VmallocChunk:      69348 kB
HardwareCorrupted:     0 kB
AnonHugePages:   1726464 kB
HugePages_Total:       0
HugePages_Free:        0
HugePages_Rsvd:        0
HugePages_Surp:        0
Hugepagesize:       2048 kB
DirectMap4k:       38904 kB
DirectMap2M:      872448 kB


CPU:total 4 (2 cores per cpu, 2 threads per core) family 6 model 58 stepping 9, cmov, cx8, fxsr, mmx, sse, sse2, sse3, ssse3, sse4.1, sse4.2, popcnt, avx, erms, ht, tsc, tscinvbit, tscinv

/proc/cpuinfo:
processor	: 0
vendor_id	: GenuineIntel
cpu family	: 6
model		: 58
model name	: Intel(R) Core(TM) i3-3110M CPU @ 2.40GHz
stepping	: 9
microcode	: 0x15
cpu MHz		: 2300.000
cache size	: 3072 KB
physical id	: 0
siblings	: 4
core id		: 0
cpu cores	: 2
apicid		: 0
initial apicid	: 0
fdiv_bug	: no
f00f_bug	: no
coma_bug	: no
fpu		: yes
fpu_exception	: yes
cpuid level	: 13
wp		: yes
flags		: fpu vme de pse tsc msr pae mce cx8 apic sep mtrr pge mca cmov pat pse36 clflush dts acpi mmx fxsr sse sse2 ss ht tm pbe nx rdtscp lm constant_tsc arch_perfmon pebs bts xtopology nonstop_tsc aperfmperf eagerfpu pni pclmulqdq dtes64 monitor ds_cpl vmx est tm2 ssse3 cx16 xtpr pdcm pcid sse4_1 sse4_2 x2apic popcnt tsc_deadline_timer xsave avx f16c lahf_lm arat epb xsaveopt pln pts dtherm tpr_shadow vnmi flexpriority ept vpid fsgsbase smep erms
bogomips	: 4788.88
clflush size	: 64
cache_alignment	: 64
address sizes	: 36 bits physical, 48 bits virtual
power management:

processor	: 1
vendor_id	: GenuineIntel
cpu family	: 6
model		: 58
model name	: Intel(R) Core(TM) i3-3110M CPU @ 2.40GHz
stepping	: 9
microcode	: 0x15
cpu MHz		: 2400.000
cache size	: 3072 KB
physical id	: 0
siblings	: 4
core id		: 0
cpu cores	: 2
apicid		: 1
initial apicid	: 1
fdiv_bug	: no
f00f_bug	: no
coma_bug	: no
fpu		: yes
fpu_exception	: yes
cpuid level	: 13
wp		: yes
flags		: fpu vme de pse tsc msr pae mce cx8 apic sep mtrr pge mca cmov pat pse36 clflush dts acpi mmx fxsr sse sse2 ss ht tm pbe nx rdtscp lm constant_tsc arch_perfmon pebs bts xtopology nonstop_tsc aperfmperf eagerfpu pni pclmulqdq dtes64 monitor ds_cpl vmx est tm2 ssse3 cx16 xtpr pdcm pcid sse4_1 sse4_2 x2apic popcnt tsc_deadline_timer xsave avx f16c lahf_lm arat epb xsaveopt pln pts dtherm tpr_shadow vnmi flexpriority ept vpid fsgsbase smep erms
bogomips	: 4788.88
clflush size	: 64
cache_alignment	: 64
address sizes	: 36 bits physical, 48 bits virtual
power management:

processor	: 2
vendor_id	: GenuineIntel
cpu family	: 6
model		: 58
model name	: Intel(R) Core(TM) i3-3110M CPU @ 2.40GHz
stepping	: 9
microcode	: 0x15
cpu MHz		: 1200.000
cache size	: 3072 KB
physical id	: 0
siblings	: 4
core id		: 1
cpu cores	: 2
apicid		: 2
initial apicid	: 2
fdiv_bug	: no
f00f_bug	: no
coma_bug	: no
fpu		: yes
fpu_exception	: yes
cpuid level	: 13
wp		: yes
flags		: fpu vme de pse tsc msr pae mce cx8 apic sep mtrr pge mca cmov pat pse36 clflush dts acpi mmx fxsr sse sse2 ss ht tm pbe nx rdtscp lm constant_tsc arch_perfmon pebs bts xtopology nonstop_tsc aperfmperf eagerfpu pni pclmulqdq dtes64 monitor ds_cpl vmx est tm2 ssse3 cx16 xtpr pdcm pcid sse4_1 sse4_2 x2apic popcnt tsc_deadline_timer xsave avx f16c lahf_lm arat epb xsaveopt pln pts dtherm tpr_shadow vnmi flexpriority ept vpid fsgsbase smep erms
bogomips	: 4788.88
clflush size	: 64
cache_alignment	: 64
address sizes	: 36 bits physical, 48 bits virtual
power management:

processor	: 3
vendor_id	: GenuineIntel
cpu family	: 6
model		: 58
model name	: Intel(R) Core(TM) i3-3110M CPU @ 2.40GHz
stepping	: 9
microcode	: 0x15
cpu MHz		: 2400.000
cache size	: 3072 KB
physical id	: 0
siblings	: 4
core id		: 1
cpu cores	: 2
apicid		: 3
initial apicid	: 3
fdiv_bug	: no
f00f_bug	: no
coma_bug	: no
fpu		: yes
fpu_exception	: yes
cpuid level	: 13
wp		: yes
flags		: fpu vme de pse tsc msr pae mce cx8 apic sep mtrr pge mca cmov pat pse36 clflush dts acpi mmx fxsr sse sse2 ss ht tm pbe nx rdtscp lm constant_tsc arch_perfmon pebs bts xtopology nonstop_tsc aperfmperf eagerfpu pni pclmulqdq dtes64 monitor ds_cpl vmx est tm2 ssse3 cx16 xtpr pdcm pcid sse4_1 sse4_2 x2apic popcnt tsc_deadline_timer xsave avx f16c lahf_lm arat epb xsaveopt pln pts dtherm tpr_shadow vnmi flexpriority ept vpid fsgsbase smep erms
bogomips	: 4788.88
clflush size	: 64
cache_alignment	: 64
address sizes	: 36 bits physical, 48 bits virtual
power management:



Memory: 4k page, physical 3996560k(207792k free), swap 0k(0k free)

vm_info: Java HotSpot(TM) Server VM (24.80-b11) for linux-x86 JRE (1.7.0_80-b15), built on Apr 10 2015 12:29:10 by "java_re" with gcc 4.3.0 20080428 (Red Hat 4.3.0-8)

time: Tue Jul  7 18:45:33 2015
elapsed time: 0 seconds

