#
# There is insufficient memory for the Java Runtime Environment to continue.
# Native memory allocation (malloc) failed to allocate 536870912 bytes for committing reserved memory.
# Possible reasons:
#   The system is out of physical RAM or swap space
#   In 32 bit mode, the process size limit was hit
# Possible solutions:
#   Reduce memory load on the system
#   Increase physical memory or swap space
#   Check if swap backing store is full
#   Use 64 bit Java on a 64 bit OS
#   Decrease Java heap size (-Xmx/-Xms)
#   Decrease number of Java threads
#   Decrease Java thread stack sizes (-Xss)
#   Set larger code cache with -XX:ReservedCodeCacheSize=
# This output file may be truncated or incomplete.
#
#  Out of Memory Error (os_linux.cpp:2756), pid=5606, tid=3062352704
#
# JRE version:  (7.0_80-b15) (build )
# Java VM: Java HotSpot(TM) Server VM (24.80-b11 mixed mode linux-x86 )
# Failed to write core dump. Core dumps have been disabled. To enable core dumping, try "ulimit -c unlimited" before starting Java again
#

---------------  T H R E A D  ---------------

Current thread (0xb6707800):  JavaThread "Unknown thread" [_thread_in_vm, id=5610, stack(0xb682c000,0xb687d000)]

Stack: [0xb682c000,0xb687d000],  sp=0xb687bb20,  free space=318k
Native frames: (J=compiled Java code, j=interpreted, Vv=VM code, C=native code)
V  [libjvm.so+0x7ea656]  VMError::report_and_die()+0x1a6
V  [libjvm.so+0x33eb82]  report_vm_out_of_memory(char const*, int, unsigned int, char const*)+0x72
V  [libjvm.so+0x687fb1]  os::Linux::commit_memory_impl(char*, unsigned int, bool)+0xe1
V  [libjvm.so+0x688478]  os::pd_commit_memory(char*, unsigned int, unsigned int, bool)+0x28
V  [libjvm.so+0x681b2c]  os::commit_memory(char*, unsigned int, unsigned int, bool)+0x2c
V  [libjvm.so+0x6ea8d8]  PSVirtualSpace::expand_by(unsigned int)+0x48
V  [libjvm.so+0x6dc6dd]  PSOldGen::initialize(ReservedSpace, unsigned int, char const*, int)+0x7d
V  [libjvm.so+0x187f26]  AdjoiningGenerations::AdjoiningGenerations(ReservedSpace, unsigned int, unsigned int, unsigned int, unsigned int, unsigned int, unsigned int, unsigned int)+0x2a6
V  [libjvm.so+0x6a7af4]  ParallelScavengeHeap::initialize()+0x3b4
V  [libjvm.so+0x7bd1c4]  Universe::initialize_heap()+0xa4
V  [libjvm.so+0x7be7f5]  universe_init()+0x55
V  [libjvm.so+0x452775]  init_globals()+0x55
V  [libjvm.so+0x7a73b0]  Threads::create_vm(JavaVMInitArgs*, bool*)+0x200
V  [libjvm.so+0x4c544c]  JNI_CreateJavaVM+0x5c
C  [libjli.so+0x2688]  JavaMain+0x98
C  [libpthread.so.0+0x6f70]  start_thread+0xd0


---------------  P R O C E S S  ---------------

Java Threads: ( => current thread )

Other Threads:

=>0xb6707800 (exited) JavaThread "Unknown thread" [_thread_in_vm, id=5610, stack(0xb682c000,0xb687d000)]

VM state:not at safepoint (not fully initialized)

VM Mutex/Monitor currently owned by a thread: None

GC Heap History (0 events):
No events

Deoptimization events (0 events):
No events

Internal exceptions (0 events):
No events

Events (0 events):
No events


Dynamic libraries:
08048000-08049000 r-xp 00000000 08:06 804311     /usr/lib/jvm/java-7-oracle/bin/java
08049000-0804a000 rw-p 00000000 08:06 804311     /usr/lib/jvm/java-7-oracle/bin/java
0914f000-09170000 rw-p 00000000 00:00 0          [heap]
733bf000-7353f000 rw-p 00000000 00:00 0 
7353f000-735c0000 rw-p 00000000 00:00 0 
735c0000-835c0000 rw-p 00000000 00:00 0 
a33a4000-b35c0000 rw-p 00000000 00:00 0 
b35d2000-b35db000 rw-p 00000000 00:00 0 
b35db000-b3692000 rw-p 00000000 00:00 0 
b3692000-b38d2000 rwxp 00000000 00:00 0 
b38d2000-b6692000 rw-p 00000000 00:00 0 
b6692000-b66a9000 r-xp 00000000 08:06 803770     /usr/lib/jvm/java-7-oracle/jre/lib/i386/libzip.so
b66a9000-b66aa000 rw-p 00016000 08:06 803770     /usr/lib/jvm/java-7-oracle/jre/lib/i386/libzip.so
b66aa000-b66b5000 r-xp 00000000 08:06 393537     /lib/i386-linux-gnu/libnss_files-2.19.so
b66b5000-b66b6000 r--p 0000a000 08:06 393537     /lib/i386-linux-gnu/libnss_files-2.19.so
b66b6000-b66b7000 rw-p 0000b000 08:06 393537     /lib/i386-linux-gnu/libnss_files-2.19.so
b66b7000-b66c1000 r-xp 00000000 08:06 393547     /lib/i386-linux-gnu/libnss_nis-2.19.so
b66c1000-b66c2000 r--p 00009000 08:06 393547     /lib/i386-linux-gnu/libnss_nis-2.19.so
b66c2000-b66c3000 rw-p 0000a000 08:06 393547     /lib/i386-linux-gnu/libnss_nis-2.19.so
b66c3000-b66d8000 r-xp 00000000 08:06 393531     /lib/i386-linux-gnu/libnsl-2.19.so
b66d8000-b66d9000 r--p 00015000 08:06 393531     /lib/i386-linux-gnu/libnsl-2.19.so
b66d9000-b66da000 rw-p 00016000 08:06 393531     /lib/i386-linux-gnu/libnsl-2.19.so
b66da000-b66dc000 rw-p 00000000 00:00 0 
b66dc000-b66ff000 r-xp 00000000 08:06 803805     /usr/lib/jvm/java-7-oracle/jre/lib/i386/libjava.so
b66ff000-b6700000 rw-p 00023000 08:06 803805     /usr/lib/jvm/java-7-oracle/jre/lib/i386/libjava.so
b6700000-b6721000 rw-p 00000000 00:00 0 
b6721000-b6800000 ---p 00000000 00:00 0 
b6804000-b680b000 r-xp 00000000 08:06 393533     /lib/i386-linux-gnu/libnss_compat-2.19.so
b680b000-b680c000 r--p 00006000 08:06 393533     /lib/i386-linux-gnu/libnss_compat-2.19.so
b680c000-b680d000 rw-p 00007000 08:06 393533     /lib/i386-linux-gnu/libnss_compat-2.19.so
b6820000-b6823000 rw-p 00000000 00:00 0 
b6823000-b682a000 r-xp 00000000 08:06 393590     /lib/i386-linux-gnu/librt-2.19.so
b682a000-b682b000 r--p 00006000 08:06 393590     /lib/i386-linux-gnu/librt-2.19.so
b682b000-b682c000 rw-p 00007000 08:06 393590     /lib/i386-linux-gnu/librt-2.19.so
b682c000-b682f000 ---p 00000000 00:00 0 
b682f000-b687d000 rw-p 00000000 00:00 0          [stack:5610]
b687d000-b68c1000 r-xp 00000000 08:06 393512     /lib/i386-linux-gnu/libm-2.19.so
b68c1000-b68c2000 r--p 00043000 08:06 393512     /lib/i386-linux-gnu/libm-2.19.so
b68c2000-b68c3000 rw-p 00044000 08:06 393512     /lib/i386-linux-gnu/libm-2.19.so
b68c3000-b714a000 r-xp 00000000 08:06 803797     /usr/lib/jvm/java-7-oracle/jre/lib/i386/server/libjvm.so
b714a000-b71ae000 rw-p 00886000 08:06 803797     /usr/lib/jvm/java-7-oracle/jre/lib/i386/server/libjvm.so
b71ae000-b75d2000 rw-p 00000000 00:00 0 
b75d2000-b777b000 r-xp 00000000 08:06 393462     /lib/i386-linux-gnu/libc-2.19.so
b777b000-b777d000 r--p 001a9000 08:06 393462     /lib/i386-linux-gnu/libc-2.19.so
b777d000-b777e000 rw-p 001ab000 08:06 393462     /lib/i386-linux-gnu/libc-2.19.so
b777e000-b7781000 rw-p 00000000 00:00 0 
b7781000-b7784000 r-xp 00000000 08:06 393479     /lib/i386-linux-gnu/libdl-2.19.so
b7784000-b7785000 r--p 00002000 08:06 393479     /lib/i386-linux-gnu/libdl-2.19.so
b7785000-b7786000 rw-p 00003000 08:06 393479     /lib/i386-linux-gnu/libdl-2.19.so
b7786000-b7787000 rw-p 00000000 00:00 0 
b7787000-b779b000 r-xp 00000000 08:06 805697     /usr/lib/jvm/java-7-oracle/lib/i386/jli/libjli.so
b779b000-b779c000 rw-p 00013000 08:06 805697     /usr/lib/jvm/java-7-oracle/lib/i386/jli/libjli.so
b779c000-b77b4000 r-xp 00000000 08:06 393582     /lib/i386-linux-gnu/libpthread-2.19.so
b77b4000-b77b5000 r--p 00017000 08:06 393582     /lib/i386-linux-gnu/libpthread-2.19.so
b77b5000-b77b6000 rw-p 00018000 08:06 393582     /lib/i386-linux-gnu/libpthread-2.19.so
b77b6000-b77b8000 rw-p 00000000 00:00 0 
b77b8000-b77c0000 rw-s 00000000 08:06 664576     /tmp/hsperfdata_akash/5606
b77c0000-b77c1000 rw-p 00000000 00:00 0 
b77c1000-b77c2000 r--p 00000000 00:00 0 
b77c2000-b77cd000 r-xp 00000000 08:06 803793     /usr/lib/jvm/java-7-oracle/jre/lib/i386/libverify.so
b77cd000-b77ce000 rw-p 0000b000 08:06 803793     /usr/lib/jvm/java-7-oracle/jre/lib/i386/libverify.so
b77ce000-b77d0000 rw-p 00000000 00:00 0 
b77d0000-b77d1000 r-xp 00000000 00:00 0          [vdso]
b77d1000-b77f1000 r-xp 00000000 08:06 393438     /lib/i386-linux-gnu/ld-2.19.so
b77f1000-b77f2000 r--p 0001f000 08:06 393438     /lib/i386-linux-gnu/ld-2.19.so
b77f2000-b77f3000 rw-p 00020000 08:06 393438     /lib/i386-linux-gnu/ld-2.19.so
bf7c4000-bf7c5000 rwxp 00000000 00:00 0 
bf7f7000-bf818000 rw-p 00000000 00:00 0          [stack]

VM Arguments:
jvm_args: -Dgrails.home=/home/akash/.gvm/grails/current -Dbase.dir=/home/akash/IdeaProjects/link_sharing -Dtools.jar=/usr/lib/jvm/java-7-oracle/lib/tools.jar -Dgroovy.starter.conf=/home/akash/.gvm/grails/current/conf/groovy-starter.conf -Xmx768M -Xms768M -XX:MaxPermSize=256m -XX:PermSize=256m -Dfile.encoding=UTF-8 
java_command: org.codehaus.groovy.grails.cli.support.GrailsStarter --main org.codehaus.groovy.grails.cli.GrailsScriptRunner --conf /home/akash/.gvm/grails/current/conf/groovy-starter.conf idea-print-project-settings -plain-output
Launcher Type: SUN_STANDARD

Environment Variables:
JAVA_HOME=/usr/lib/jvm/java-7-oracle
PATH=/usr/local/sbin:/usr/local/bin:/usr/sbin:/usr/bin:/sbin:/bin:/usr/games:/usr/local/games
SHELL=/bin/bash
DISPLAY=:0

Signal Handlers:
SIGSEGV: [libjvm.so+0x7eb160], sa_mask[0]=0x7ffbfeff, sa_flags=0x10000004
SIGBUS: [libjvm.so+0x7eb160], sa_mask[0]=0x7ffbfeff, sa_flags=0x10000004
SIGFPE: [libjvm.so+0x684ac0], sa_mask[0]=0x7ffbfeff, sa_flags=0x10000004
SIGPIPE: [libjvm.so+0x684ac0], sa_mask[0]=0x7ffbfeff, sa_flags=0x10000004
SIGXFSZ: [libjvm.so+0x684ac0], sa_mask[0]=0x7ffbfeff, sa_flags=0x10000004
SIGILL: [libjvm.so+0x684ac0], sa_mask[0]=0x7ffbfeff, sa_flags=0x10000004
SIGUSR1: SIG_DFL, sa_mask[0]=0x00000000, sa_flags=0x00000000
SIGUSR2: [libjvm.so+0x686330], sa_mask[0]=0x00000004, sa_flags=0x10000004
SIGHUP: SIG_DFL, sa_mask[0]=0x00000000, sa_flags=0x00000000
SIGINT: SIG_DFL, sa_mask[0]=0x00000000, sa_flags=0x00000000
SIGTERM: SIG_DFL, sa_mask[0]=0x00000000, sa_flags=0x00000000
SIGQUIT: SIG_DFL, sa_mask[0]=0x00000000, sa_flags=0x00000000


---------------  S Y S T E M  ---------------

OS:jessie/sid

uname:Linux 3.13.0-32-generic #57-Ubuntu SMP Tue Jul 15 03:51:12 UTC 2014 i686
libc:glibc 2.19 NPTL 2.19 
rlimit: STACK 8192k, CORE 0k, NPROC 31073, NOFILE 4096, AS infinity
load average:1.05 1.32 1.25

/proc/meminfo:
MemTotal:        3996560 kB
MemFree:          321280 kB
Buffers:           16960 kB
Cached:           776460 kB
SwapCached:            0 kB
Active:          2940672 kB
Inactive:         593664 kB
Active(anon):    2743896 kB
Inactive(anon):   458720 kB
Active(file):     196776 kB
Inactive(file):   134944 kB
Unevictable:         240 kB
Mlocked:             240 kB
HighTotal:       3149056 kB
HighFree:         167664 kB
LowTotal:         847504 kB
LowFree:          153616 kB
SwapTotal:             0 kB
SwapFree:              0 kB
Dirty:               976 kB
Writeback:             0 kB
AnonPages:       2741496 kB
Mapped:           340236 kB
Shmem:            461360 kB
Slab:              57140 kB
SReclaimable:      30476 kB
SUnreclaim:        26664 kB
KernelStack:        5312 kB
PageTables:        19524 kB
NFS_Unstable:          0 kB
Bounce:                0 kB
WritebackTmp:          0 kB
CommitLimit:     1998280 kB
Committed_AS:    8934820 kB
VmallocTotal:     122880 kB
VmallocUsed:       29576 kB
VmallocChunk:      65904 kB
HardwareCorrupted:     0 kB
AnonHugePages:   1550336 kB
HugePages_Total:       0
HugePages_Free:        0
HugePages_Rsvd:        0
HugePages_Surp:        0
Hugepagesize:       2048 kB
DirectMap4k:       34808 kB
DirectMap2M:      876544 kB


CPU:total 4 (2 cores per cpu, 2 threads per core) family 6 model 58 stepping 9, cmov, cx8, fxsr, mmx, sse, sse2, sse3, ssse3, sse4.1, sse4.2, popcnt, avx, erms, ht, tsc, tscinvbit, tscinv

/proc/cpuinfo:
processor	: 0
vendor_id	: GenuineIntel
cpu family	: 6
model		: 58
model name	: Intel(R) Core(TM) i3-3110M CPU @ 2.40GHz
stepping	: 9
microcode	: 0x15
cpu MHz		: 1200.000
cache size	: 3072 KB
physical id	: 0
siblings	: 4
core id		: 0
cpu cores	: 2
apicid		: 0
initial apicid	: 0
fdiv_bug	: no
f00f_bug	: no
coma_bug	: no
fpu		: yes
fpu_exception	: yes
cpuid level	: 13
wp		: yes
flags		: fpu vme de pse tsc msr pae mce cx8 apic sep mtrr pge mca cmov pat pse36 clflush dts acpi mmx fxsr sse sse2 ss ht tm pbe nx rdtscp lm constant_tsc arch_perfmon pebs bts xtopology nonstop_tsc aperfmperf eagerfpu pni pclmulqdq dtes64 monitor ds_cpl vmx est tm2 ssse3 cx16 xtpr pdcm pcid sse4_1 sse4_2 x2apic popcnt tsc_deadline_timer xsave avx f16c lahf_lm arat epb xsaveopt pln pts dtherm tpr_shadow vnmi flexpriority ept vpid fsgsbase smep erms
bogomips	: 4788.82
clflush size	: 64
cache_alignment	: 64
address sizes	: 36 bits physical, 48 bits virtual
power management:

processor	: 1
vendor_id	: GenuineIntel
cpu family	: 6
model		: 58
model name	: Intel(R) Core(TM) i3-3110M CPU @ 2.40GHz
stepping	: 9
microcode	: 0x15
cpu MHz		: 1200.000
cache size	: 3072 KB
physical id	: 0
siblings	: 4
core id		: 0
cpu cores	: 2
apicid		: 1
initial apicid	: 1
fdiv_bug	: no
f00f_bug	: no
coma_bug	: no
fpu		: yes
fpu_exception	: yes
cpuid level	: 13
wp		: yes
flags		: fpu vme de pse tsc msr pae mce cx8 apic sep mtrr pge mca cmov pat pse36 clflush dts acpi mmx fxsr sse sse2 ss ht tm pbe nx rdtscp lm constant_tsc arch_perfmon pebs bts xtopology nonstop_tsc aperfmperf eagerfpu pni pclmulqdq dtes64 monitor ds_cpl vmx est tm2 ssse3 cx16 xtpr pdcm pcid sse4_1 sse4_2 x2apic popcnt tsc_deadline_timer xsave avx f16c lahf_lm arat epb xsaveopt pln pts dtherm tpr_shadow vnmi flexpriority ept vpid fsgsbase smep erms
bogomips	: 4788.82
clflush size	: 64
cache_alignment	: 64
address sizes	: 36 bits physical, 48 bits virtual
power management:

processor	: 2
vendor_id	: GenuineIntel
cpu family	: 6
model		: 58
model name	: Intel(R) Core(TM) i3-3110M CPU @ 2.40GHz
stepping	: 9
microcode	: 0x15
cpu MHz		: 2400.000
cache size	: 3072 KB
physical id	: 0
siblings	: 4
core id		: 1
cpu cores	: 2
apicid		: 2
initial apicid	: 2
fdiv_bug	: no
f00f_bug	: no
coma_bug	: no
fpu		: yes
fpu_exception	: yes
cpuid level	: 13
wp		: yes
flags		: fpu vme de pse tsc msr pae mce cx8 apic sep mtrr pge mca cmov pat pse36 clflush dts acpi mmx fxsr sse sse2 ss ht tm pbe nx rdtscp lm constant_tsc arch_perfmon pebs bts xtopology nonstop_tsc aperfmperf eagerfpu pni pclmulqdq dtes64 monitor ds_cpl vmx est tm2 ssse3 cx16 xtpr pdcm pcid sse4_1 sse4_2 x2apic popcnt tsc_deadline_timer xsave avx f16c lahf_lm arat epb xsaveopt pln pts dtherm tpr_shadow vnmi flexpriority ept vpid fsgsbase smep erms
bogomips	: 4788.82
clflush size	: 64
cache_alignment	: 64
address sizes	: 36 bits physical, 48 bits virtual
power management:

processor	: 3
vendor_id	: GenuineIntel
cpu family	: 6
model		: 58
model name	: Intel(R) Core(TM) i3-3110M CPU @ 2.40GHz
stepping	: 9
microcode	: 0x15
cpu MHz		: 2400.000
cache size	: 3072 KB
physical id	: 0
siblings	: 4
core id		: 1
cpu cores	: 2
apicid		: 3
initial apicid	: 3
fdiv_bug	: no
f00f_bug	: no
coma_bug	: no
fpu		: yes
fpu_exception	: yes
cpuid level	: 13
wp		: yes
flags		: fpu vme de pse tsc msr pae mce cx8 apic sep mtrr pge mca cmov pat pse36 clflush dts acpi mmx fxsr sse sse2 ss ht tm pbe nx rdtscp lm constant_tsc arch_perfmon pebs bts xtopology nonstop_tsc aperfmperf eagerfpu pni pclmulqdq dtes64 monitor ds_cpl vmx est tm2 ssse3 cx16 xtpr pdcm pcid sse4_1 sse4_2 x2apic popcnt tsc_deadline_timer xsave avx f16c lahf_lm arat epb xsaveopt pln pts dtherm tpr_shadow vnmi flexpriority ept vpid fsgsbase smep erms
bogomips	: 4788.82
clflush size	: 64
cache_alignment	: 64
address sizes	: 36 bits physical, 48 bits virtual
power management:



Memory: 4k page, physical 3996560k(321280k free), swap 0k(0k free)

vm_info: Java HotSpot(TM) Server VM (24.80-b11) for linux-x86 JRE (1.7.0_80-b15), built on Apr 10 2015 12:29:10 by "java_re" with gcc 4.3.0 20080428 (Red Hat 4.3.0-8)

time: Thu Jun 25 19:52:52 2015
elapsed time: 0 seconds

